#
# There is insufficient memory for the Java Runtime Environment to continue.
# Native memory allocation (malloc) failed to allocate 1596656 bytes for Chunk::new
# Possible reasons:
#   The system is out of physical RAM or swap space
#   In 32 bit mode, the process size limit was hit
# Possible solutions:
#   Reduce memory load on the system
#   Increase physical memory or swap space
#   Check if swap backing store is full
#   Use 64 bit Java on a 64 bit OS
#   Decrease Java heap size (-Xmx/-Xms)
#   Decrease number of Java threads
#   Decrease Java thread stack sizes (-Xss)
#   Set larger code cache with -XX:ReservedCodeCacheSize=
# This output file may be truncated or incomplete.
#
#  Out of Memory Error (allocation.cpp:390), pid=11400, tid=0x00000000000036bc
#
# JRE version: Java(TM) SE Runtime Environment (8.0_171-b11) (build 1.8.0_171-b11)
# Java VM: Java HotSpot(TM) 64-Bit Server VM (25.171-b11 mixed mode windows-amd64 compressed oops)
# Failed to write core dump. Minidumps are not enabled by default on client versions of Windows
#

---------------  T H R E A D  ---------------

Current thread (0x000000001c2f6800):  JavaThread "C2 CompilerThread2" daemon [_thread_in_native, id=14012, stack(0x000000001cd40000,0x000000001ce40000)]

Stack: [0x000000001cd40000,0x000000001ce40000]
[error occurred during error reporting (printing stack bounds), id 0xc0000005]

Native frames: (J=compiled Java code, j=interpreted, Vv=VM code, C=native code)


Current CompileTask:
C2:   8333 5793       4       org.aspectj.weaver.ResolvedType::lookupResolvedMember (165 bytes)


---------------  P R O C E S S  ---------------

Java Threads: ( => current thread )
  0x00000000241e4000 JavaThread "Druid-ConnectionPool-Destroy-865483569" daemon [_thread_blocked, id=15072, stack(0x0000000026fc0000,0x00000000270c0000)]
  0x000000001c54d000 JavaThread "Druid-ConnectionPool-Create-865483569" daemon [_thread_blocked, id=13684, stack(0x0000000026ec0000,0x0000000026fc0000)]
  0x000000001c54c000 JavaThread "Abandoned connection cleanup thread" daemon [_thread_blocked, id=836, stack(0x00000000267f0000,0x00000000268f0000)]
  0x000000001c54a000 JavaThread "container-0" [_thread_blocked, id=14476, stack(0x00000000266f0000,0x00000000267f0000)]
  0x000000001c550800 JavaThread "ContainerBackgroundProcessor[StandardEngine[Tomcat]]" daemon [_thread_blocked, id=12916, stack(0x0000000025540000,0x0000000025640000)]
  0x000000001c54a800 JavaThread "localhost-startStop-1" daemon [_thread_blocked, id=2760, stack(0x0000000025240000,0x0000000025340000)]
  0x000000001c54e800 JavaThread "Tomcat-startStop-1" daemon [_thread_blocked, id=9856, stack(0x0000000025140000,0x0000000025240000)]
  0x000000001c54f000 JavaThread "commons-pool-evictor-thread" [_thread_blocked, id=11288, stack(0x0000000023c70000,0x0000000023d70000)]
  0x000000001c54b800 JavaThread "restartedMain" [_thread_in_vm, id=6004, stack(0x000000001e630000,0x000000001e730000)]
  0x000000001c54d800 JavaThread "Thread-0" [_thread_blocked, id=11952, stack(0x000000001e530000,0x000000001e630000)]
  0x000000001c329800 JavaThread "Service Thread" daemon [_thread_blocked, id=15104, stack(0x000000001cf40000,0x000000001d040000)]
  0x000000001c2f7800 JavaThread "C1 CompilerThread3" daemon [_thread_blocked, id=5216, stack(0x000000001ce40000,0x000000001cf40000)]
=>0x000000001c2f6800 JavaThread "C2 CompilerThread2" daemon [_thread_in_native, id=14012, stack(0x000000001cd40000,0x000000001ce40000)]
  0x000000001c2db000 JavaThread "C2 CompilerThread1" daemon [_thread_in_native, id=7528, stack(0x000000001cc40000,0x000000001cd40000)]
  0x000000001c2da800 JavaThread "C2 CompilerThread0" daemon [_thread_in_native, id=10276, stack(0x000000001cb40000,0x000000001cc40000)]
  0x000000001c28e000 JavaThread "Monitor Ctrl-Break" daemon [_thread_in_native, id=11772, stack(0x000000001ca40000,0x000000001cb40000)]
  0x0000000019c5a800 JavaThread "Attach Listener" daemon [_thread_blocked, id=15192, stack(0x000000001c140000,0x000000001c240000)]
  0x000000001bb84000 JavaThread "Signal Dispatcher" daemon [_thread_blocked, id=2016, stack(0x000000001c040000,0x000000001c140000)]
  0x0000000004d0e000 JavaThread "Finalizer" daemon [_thread_blocked, id=5092, stack(0x000000001bf40000,0x000000001c040000)]
  0x0000000019c4d800 JavaThread "Reference Handler" daemon [_thread_blocked, id=6016, stack(0x000000001ba40000,0x000000001bb40000)]
  0x0000000004c17000 JavaThread "main" [_thread_blocked, id=13860, stack(0x0000000004970000,0x0000000004a70000)]

Other Threads:
  0x0000000019c49000 VMThread [stack: 0x000000001b940000,0x000000001ba40000] [id=5412]
  0x000000001c292000 WatcherThread [stack: 0x000000001d040000,0x000000001d140000] [id=2892]

VM state:not at safepoint (normal execution)

VM Mutex/Monitor currently owned by a thread: None

Heap:
 PSYoungGen      total 420352K, used 39141K [0x00000000d6000000, 0x00000000fb480000, 0x0000000100000000)
  eden space 404480K, 5% used [0x00000000d6000000,0x00000000d76beae0,0x00000000eeb00000)
  from space 15872K, 99% used [0x00000000eeb00000,0x00000000efa7ac78,0x00000000efa80000)
  to   space 21504K, 0% used [0x00000000f9f80000,0x00000000f9f80000,0x00000000fb480000)
 ParOldGen       total 77312K, used 27206K [0x0000000082000000, 0x0000000086b80000, 0x00000000d6000000)
  object space 77312K, 35% used [0x0000000082000000,0x0000000083a919f8,0x0000000086b80000)
 Metaspace       used 51920K, capacity 52494K, committed 52736K, reserved 1095680K
  class space    used 6464K, capacity 6596K, committed 6656K, reserved 1048576K

Card table byte_map: [0x00000000140d0000,0x00000000144d0000] byte_map_base: 0x0000000013cc0000

Marking Bits: (ParMarkBitMap*) 0x0000000055e208c0
 Begin Bits: [0x0000000014f70000, 0x0000000016ef0000)
 End Bits:   [0x0000000016ef0000, 0x0000000018e70000)

Polling page: 0x0000000002c70000

CodeCache: size=245760Kb used=19708Kb max_used=19807Kb free=226051Kb
 bounds [0x0000000004d10000, 0x0000000006080000, 0x0000000013d10000]
 total_blobs=5804 nmethods=5273 adapters=443
 compilation: enabled

Compilation events (10 events):
Event: 8.297 Thread 0x000000001c2f7800 6001       2       org.springframework.core.ResolvableType::isArray (58 bytes)
Event: 8.297 Thread 0x000000001c2f7800 nmethod 6001 0x0000000004f388d0 code [0x0000000004f38a60, 0x0000000004f38d48]
Event: 8.297 Thread 0x000000001c2f7800 6002       2       java.util.IdentityHashMap::put (137 bytes)
Event: 8.298 Thread 0x000000001c2f7800 nmethod 6002 0x0000000004f00f90 code [0x0000000004f01120, 0x0000000004f01638]
Event: 8.303 Thread 0x000000001c2f7800 6004       1       org.springframework.cglib.core.AbstractClassGenerator::access$100 (5 bytes)
Event: 8.303 Thread 0x000000001c2f7800 nmethod 6004 0x0000000004f00cd0 code [0x0000000004f00e20, 0x0000000004f00f10]
Event: 8.306 Thread 0x000000001c2f7800 6005       2       org.springframework.cglib.core.EmitUtils$14::processDefault (12 bytes)
Event: 8.306 Thread 0x000000001c2f7800 nmethod 6005 0x0000000004f00910 code [0x0000000004f00a80, 0x0000000004f00c08]
Event: 8.307 Thread 0x000000001c2f7800 6006       2       org.springframework.cglib.reflect.FastClassEmitter$4::processCase (113 bytes)
Event: 8.307 Thread 0x000000001c2f7800 nmethod 6006 0x0000000004eff750 code [0x0000000004eff9c0, 0x0000000004efffd8]

GC Heap History (10 events):
Event: 3.427 GC heap before
{Heap before GC invocations=7 (full 1):
 PSYoungGen      total 136192K, used 131072K [0x00000000d6000000, 0x00000000e7500000, 0x0000000100000000)
  eden space 131072K, 100% used [0x00000000d6000000,0x00000000de000000,0x00000000de000000)
  from space 5120K, 0% used [0x00000000de000000,0x00000000de000000,0x00000000de500000)
  to   space 10752K, 0% used [0x00000000e6a80000,0x00000000e6a80000,0x00000000e7500000)
 ParOldGen       total 51712K, used 6693K [0x0000000082000000, 0x0000000085280000, 0x00000000d6000000)
  object space 51712K, 12% used [0x0000000082000000,0x00000000826895b0,0x0000000085280000)
 Metaspace       used 24432K, capacity 24876K, committed 24960K, reserved 1071104K
  class space    used 3040K, capacity 3145K, committed 3200K, reserved 1048576K
Event: 3.439 GC heap after
Heap after GC invocations=7 (full 1):
 PSYoungGen      total 240128K, used 6780K [0x00000000d6000000, 0x00000000e7180000, 0x0000000100000000)
  eden space 232960K, 0% used [0x00000000d6000000,0x00000000d6000000,0x00000000e4380000)
  from space 7168K, 94% used [0x00000000e6a80000,0x00000000e711f308,0x00000000e7180000)
  to   space 10240K, 0% used [0x00000000e5d80000,0x00000000e5d80000,0x00000000e6780000)
 ParOldGen       total 51712K, used 6701K [0x0000000082000000, 0x0000000085280000, 0x00000000d6000000)
  object space 51712K, 12% used [0x0000000082000000,0x000000008268b5b0,0x0000000085280000)
 Metaspace       used 24432K, capacity 24876K, committed 24960K, reserved 1071104K
  class space    used 3040K, capacity 3145K, committed 3200K, reserved 1048576K
}
Event: 4.664 GC heap before
{Heap before GC invocations=8 (full 1):
 PSYoungGen      total 240128K, used 239740K [0x00000000d6000000, 0x00000000e7180000, 0x0000000100000000)
  eden space 232960K, 100% used [0x00000000d6000000,0x00000000e4380000,0x00000000e4380000)
  from space 7168K, 94% used [0x00000000e6a80000,0x00000000e711f308,0x00000000e7180000)
  to   space 10240K, 0% used [0x00000000e5d80000,0x00000000e5d80000,0x00000000e6780000)
 ParOldGen       total 51712K, used 6701K [0x0000000082000000, 0x0000000085280000, 0x00000000d6000000)
  object space 51712K, 12% used [0x0000000082000000,0x000000008268b5b0,0x0000000085280000)
 Metaspace       used 34259K, capacity 34752K, committed 35200K, reserved 1079296K
  class space    used 4222K, capacity 4375K, committed 4480K, reserved 1048576K
Event: 4.676 GC heap after
Heap after GC invocations=8 (full 1):
 PSYoungGen      total 269824K, used 10219K [0x00000000d6000000, 0x00000000f0980000, 0x0000000100000000)
  eden space 259584K, 0% used [0x00000000d6000000,0x00000000d6000000,0x00000000e5d80000)
  from space 10240K, 99% used [0x00000000e5d80000,0x00000000e677ac60,0x00000000e6780000)
  to   space 15360K, 0% used [0x00000000efa80000,0x00000000efa80000,0x00000000f0980000)
 ParOldGen       total 51712K, used 13982K [0x0000000082000000, 0x0000000085280000, 0x00000000d6000000)
  object space 51712K, 27% used [0x0000000082000000,0x0000000082da7bb8,0x0000000085280000)
 Metaspace       used 34259K, capacity 34752K, committed 35200K, reserved 1079296K
  class space    used 4222K, capacity 4375K, committed 4480K, reserved 1048576K
}
Event: 4.872 GC heap before
{Heap before GC invocations=9 (full 1):
 PSYoungGen      total 269824K, used 38521K [0x00000000d6000000, 0x00000000f0980000, 0x0000000100000000)
  eden space 259584K, 10% used [0x00000000d6000000,0x00000000d7ba3970,0x00000000e5d80000)
  from space 10240K, 99% used [0x00000000e5d80000,0x00000000e677ac60,0x00000000e6780000)
  to   space 15360K, 0% used [0x00000000efa80000,0x00000000efa80000,0x00000000f0980000)
 ParOldGen       total 51712K, used 13982K [0x0000000082000000, 0x0000000085280000, 0x00000000d6000000)
  object space 51712K, 27% used [0x0000000082000000,0x0000000082da7bb8,0x0000000085280000)
 Metaspace       used 34845K, capacity 35264K, committed 35456K, reserved 1081344K
  class space    used 4304K, capacity 4439K, committed 4480K, reserved 1048576K
Event: 4.883 GC heap after
Heap after GC invocations=9 (full 1):
 PSYoungGen      total 419840K, used 11479K [0x00000000d6000000, 0x00000000f3d80000, 0x0000000100000000)
  eden space 404480K, 0% used [0x00000000d6000000,0x00000000d6000000,0x00000000eeb00000)
  from space 15360K, 74% used [0x00000000efa80000,0x00000000f05b5c50,0x00000000f0980000)
  to   space 15872K, 0% used [0x00000000eeb00000,0x00000000eeb00000,0x00000000efa80000)
 ParOldGen       total 51712K, used 13990K [0x0000000082000000, 0x0000000085280000, 0x00000000d6000000)
  object space 51712K, 27% used [0x0000000082000000,0x0000000082da9bb8,0x0000000085280000)
 Metaspace       used 34845K, capacity 35264K, committed 35456K, reserved 1081344K
  class space    used 4304K, capacity 4439K, committed 4480K, reserved 1048576K
}
Event: 4.883 GC heap before
{Heap before GC invocations=10 (full 2):
 PSYoungGen      total 419840K, used 11479K [0x00000000d6000000, 0x00000000f3d80000, 0x0000000100000000)
  eden space 404480K, 0% used [0x00000000d6000000,0x00000000d6000000,0x00000000eeb00000)
  from space 15360K, 74% used [0x00000000efa80000,0x00000000f05b5c50,0x00000000f0980000)
  to   space 15872K, 0% used [0x00000000eeb00000,0x00000000eeb00000,0x00000000efa80000)
 ParOldGen       total 51712K, used 13990K [0x0000000082000000, 0x0000000085280000, 0x00000000d6000000)
  object space 51712K, 27% used [0x0000000082000000,0x0000000082da9bb8,0x0000000085280000)
 Metaspace       used 34845K, capacity 35264K, committed 35456K, reserved 1081344K
  class space    used 4304K, capacity 4439K, committed 4480K, reserved 1048576K
Event: 4.923 GC heap after
Heap after GC invocations=10 (full 2):
 PSYoungGen      total 419840K, used 0K [0x00000000d6000000, 0x00000000f3d80000, 0x0000000100000000)
  eden space 404480K, 0% used [0x00000000d6000000,0x00000000d6000000,0x00000000eeb00000)
  from space 15360K, 0% used [0x00000000efa80000,0x00000000efa80000,0x00000000f0980000)
  to   space 15872K, 0% used [0x00000000eeb00000,0x00000000eeb00000,0x00000000efa80000)
 ParOldGen       total 77312K, used 19196K [0x0000000082000000, 0x0000000086b80000, 0x00000000d6000000)
  object space 77312K, 24% used [0x0000000082000000,0x00000000832bf2b8,0x0000000086b80000)
 Metaspace       used 34845K, capacity 35264K, committed 35456K, reserved 1081344K
  class space    used 4304K, capacity 4439K, committed 4480K, reserved 1048576K
}
Event: 8.239 GC heap before
{Heap before GC invocations=11 (full 2):
 PSYoungGen      total 419840K, used 404480K [0x00000000d6000000, 0x00000000f3d80000, 0x0000000100000000)
  eden space 404480K, 100% used [0x00000000d6000000,0x00000000eeb00000,0x00000000eeb00000)
  from space 15360K, 0% used [0x00000000efa80000,0x00000000efa80000,0x00000000f0980000)
  to   space 15872K, 0% used [0x00000000eeb00000,0x00000000eeb00000,0x00000000efa80000)
 ParOldGen       total 77312K, used 19196K [0x0000000082000000, 0x0000000086b80000, 0x00000000d6000000)
  object space 77312K, 24% used [0x0000000082000000,0x00000000832bf2b8,0x0000000086b80000)
 Metaspace       used 51660K, capacity 52270K, committed 52480K, reserved 1095680K
  class space    used 6430K, capacity 6564K, committed 6656K, reserved 1048576K
Event: 8.265 GC heap after
Heap after GC invocations=11 (full 2):
 PSYoungGen      total 420352K, used 15851K [0x00000000d6000000, 0x00000000fb480000, 0x0000000100000000)
  eden space 404480K, 0% used [0x00000000d6000000,0x00000000d6000000,0x00000000eeb00000)
  from space 15872K, 99% used [0x00000000eeb00000,0x00000000efa7ac78,0x00000000efa80000)
  to   space 21504K, 0% used [0x00000000f9f80000,0x00000000f9f80000,0x00000000fb480000)
 ParOldGen       total 77312K, used 27206K [0x0000000082000000, 0x0000000086b80000, 0x00000000d6000000)
  object space 77312K, 35% used [0x0000000082000000,0x0000000083a919f8,0x0000000086b80000)
 Metaspace       used 51660K, capacity 52270K, committed 52480K, reserved 1095680K
  class space    used 6430K, capacity 6564K, committed 6656K, reserved 1048576K
}

Deoptimization events (10 events):
Event: 7.931 Thread 0x000000001c54b800 Uncommon trap: reason=unstable_if action=reinterpret pc=0x000000000599667c method=java.util.concurrent.ConcurrentHashMap.putVal(Ljava/lang/Object;Ljava/lang/Object;Z)Ljava/lang/Object; @ 331
Event: 7.932 Thread 0x000000001c54b800 Uncommon trap: reason=unstable_if action=reinterpret pc=0x00000000058e0aec method=java.util.concurrent.ConcurrentHashMap.get(Ljava/lang/Object;)Ljava/lang/Object; @ 86
Event: 7.957 Thread 0x000000001c54b800 Uncommon trap: reason=unstable_if action=reinterpret pc=0x0000000005b32d8c method=java.util.concurrent.ConcurrentHashMap.transfer([Ljava/util/concurrent/ConcurrentHashMap$Node;[Ljava/util/concurrent/ConcurrentHashMap$Node;)V @ 356
Event: 7.970 Thread 0x000000001c54b800 Uncommon trap: reason=unstable_if action=reinterpret pc=0x0000000005f75a14 method=org.springframework.core.annotation.AnnotatedElementUtils.searchWithGetSemanticsInAnnotations(Ljava/lang/reflect/AnnotatedElement;Ljava/util/List;Ljava/lang/Class;Ljava/lang
Event: 7.985 Thread 0x000000001c54b800 Uncommon trap: reason=unstable_if action=reinterpret pc=0x00000000059fd138 method=org.springframework.asm.Frame.merge(Lorg/springframework/asm/ClassWriter;I[II)Z @ 80
Event: 7.985 Thread 0x000000001c54b800 Uncommon trap: reason=unstable_if action=reinterpret pc=0x00000000058570e4 method=org.springframework.asm.Frame.merge(Lorg/springframework/asm/ClassWriter;I[II)Z @ 80
Event: 7.987 Thread 0x000000001c54b800 Uncommon trap: reason=range_check action=make_not_entrant pc=0x0000000005aa8b88 method=java.lang.String.charAt(I)C @ 27
Event: 7.993 Thread 0x000000001c54b800 Uncommon trap: reason=unstable_if action=reinterpret pc=0x00000000058c612c method=org.springframework.aop.framework.autoproxy.AbstractAutoProxyCreator.predictBeanType(Ljava/lang/Class;Ljava/lang/String;)Ljava/lang/Class; @ 9
Event: 7.993 Thread 0x000000001c54b800 Uncommon trap: reason=unstable_if action=reinterpret pc=0x00000000057db694 method=org.springframework.beans.factory.support.AbstractAutowireCapableBeanFactory.predictBeanType(Ljava/lang/String;Lorg/springframework/beans/factory/support/RootBeanDefinition;
Event: 8.085 Thread 0x000000001c54b800 Uncommon trap: reason=unstable_if action=reinterpret pc=0x0000000005743504 method=org.springframework.asm.Frame.push(I)V @ 26

Classes redefined (0 events):
No events

Internal exceptions (10 events):
Event: 8.285 Thread 0x000000001c54b800 Exception <a 'java/lang/ClassNotFoundException': org/springframework/data/web/config/SpringDataWebConfigurationCustomizer> (0x00000000d63e92c0) thrown at [C:\re\workspace\8-2-build-windows-amd64-cygwin\jdk8u171\10807\hotspot\src\share\vm\classfile\systemD
Event: 8.285 Thread 0x000000001c54b800 Exception <a 'java/lang/ClassNotFoundException': org/springframework/data/web/config/SpringDataWebConfiguration$$EnhancerBySpringCGLIB$$4a4c9a90Customizer> (0x00000000d6419290) thrown at [C:\re\workspace\8-2-build-windows-amd64-cygwin\jdk8u171\10807\hotsp
Event: 8.286 Thread 0x000000001c54b800 Exception <a 'java/lang/ClassNotFoundException': org/springframework/context/annotation/ConfigurationClassEnhancer$EnhancedConfigurationCustomizer> (0x00000000d6449c60) thrown at [C:\re\workspace\8-2-build-windows-amd64-cygwin\jdk8u171\10807\hotspot\src\s
Event: 8.286 Thread 0x000000001c54b800 Exception <a 'java/lang/ClassNotFoundException': org/springframework/web/servlet/config/annotation/WebMvcConfigurerCustomizer> (0x00000000d64687a8) thrown at [C:\re\workspace\8-2-build-windows-amd64-cygwin\jdk8u171\10807\hotspot\src\share\vm\classfile\sys
Event: 8.292 Thread 0x000000001c54b800 Exception <a 'java/lang/ClassNotFoundException': org/springframework/boot/autoconfigure/orm/jpa/JpaBaseConfiguration$JpaWebConfiguration$JpaWebMvcConfiguration$$EnhancerBySpringCGLIB$$32237935BeanInfo> (0x00000000d65c6008) thrown at [C:\re\workspace\8-2-b
Event: 8.292 Thread 0x000000001c54b800 Exception <a 'java/lang/ClassNotFoundException': org/springframework/boot/autoconfigure/orm/jpa/JpaBaseConfiguration$JpaWebConfiguration$JpaWebMvcConfigurationBeanInfo> (0x00000000d65f0b20) thrown at [C:\re\workspace\8-2-build-windows-amd64-cygwin\jdk8u17
Event: 8.293 Thread 0x000000001c54b800 Exception <a 'java/lang/ClassNotFoundException': org/springframework/boot/autoconfigure/orm/jpa/JpaBaseConfiguration$JpaWebConfiguration$JpaWebMvcConfigurationCustomizer> (0x00000000d661c218) thrown at [C:\re\workspace\8-2-build-windows-amd64-cygwin\jdk8u
Event: 8.293 Thread 0x000000001c54b800 Exception <a 'java/lang/ClassNotFoundException': org/springframework/boot/autoconfigure/orm/jpa/JpaBaseConfiguration$JpaWebConfiguration$JpaWebMvcConfiguration$$EnhancerBySpringCGLIB$$32237935Customizer> (0x00000000d6a47e10) thrown at [C:\re\workspace\8-2
Event: 8.294 Thread 0x000000001c54b800 Exception <a 'java/lang/ClassNotFoundException': org/springframework/context/annotation/ConfigurationClassEnhancer$EnhancedConfigurationCustomizer> (0x00000000d6a78390) thrown at [C:\re\workspace\8-2-build-windows-amd64-cygwin\jdk8u171\10807\hotspot\src\s
Event: 8.294 Thread 0x000000001c54b800 Exception <a 'java/lang/ClassNotFoundException': org/springframework/web/servlet/config/annotation/WebMvcConfigurerCustomizer> (0x00000000d6a96ed8) thrown at [C:\re\workspace\8-2-build-windows-amd64-cygwin\jdk8u171\10807\hotspot\src\share\vm\classfile\sys

Events (10 events):
Event: 8.294 loading class org/springframework/web/servlet/config/annotation/WebMvcConfigurerCustomizer
Event: 8.294 loading class org/springframework/web/servlet/config/annotation/WebMvcConfigurerCustomizer done
Event: 8.294 loading class org/springframework/web/servlet/config/annotation/WebMvcConfigurerCustomizer
Event: 8.294 loading class org/springframework/web/servlet/config/annotation/WebMvcConfigurerCustomizer done
Event: 8.294 loading class org/springframework/web/servlet/config/annotation/WebMvcConfigurerCustomizer
Event: 8.294 loading class org/springframework/web/servlet/config/annotation/WebMvcConfigurerCustomizer done
Event: 8.297 Executing VM operation: RevokeBias
Event: 8.297 Executing VM operation: RevokeBias done
Event: 8.307 Thread 0x000000001c2f7800 flushing nmethod 0x00000000058efd90
Event: 8.307 Thread 0x000000001c2f7800 flushing nmethod 0x0000000005982050


Dynamic libraries:
0x00007ff664a10000 - 0x00007ff664a47000 	D:\engineer\Java\jdk1.8\bin\java.exe
0x00007ffd6a050000 - 0x00007ffd6a230000 	C:\WINDOWS\SYSTEM32\ntdll.dll
0x00007ffd69dd0000 - 0x00007ffd69e7e000 	C:\WINDOWS\System32\KERNEL32.DLL
0x00007ffd660b0000 - 0x00007ffd66316000 	C:\WINDOWS\System32\KERNELBASE.dll
0x00007ffd67020000 - 0x00007ffd670c1000 	C:\WINDOWS\System32\ADVAPI32.dll
0x00007ffd68f90000 - 0x00007ffd6902d000 	C:\WINDOWS\System32\msvcrt.dll
0x00007ffd69eb0000 - 0x00007ffd69f0b000 	C:\WINDOWS\System32\sechost.dll
0x00007ffd68e40000 - 0x00007ffd68f5f000 	C:\WINDOWS\System32\RPCRT4.dll
0x00007ffd69800000 - 0x00007ffd6998f000 	C:\WINDOWS\System32\USER32.dll
0x00007ffd65c80000 - 0x00007ffd65ca0000 	C:\WINDOWS\System32\win32u.dll
0x00007ffd69e80000 - 0x00007ffd69ea8000 	C:\WINDOWS\System32\GDI32.dll
0x00007ffd65d40000 - 0x00007ffd65ed3000 	C:\WINDOWS\System32\gdi32full.dll
0x00007ffd65ca0000 - 0x00007ffd65d3b000 	C:\WINDOWS\System32\msvcp_win.dll
0x00007ffd66bd0000 - 0x00007ffd66cc6000 	C:\WINDOWS\System32\ucrtbase.dll
0x00007ffd56ec0000 - 0x00007ffd57129000 	C:\WINDOWS\WinSxS\amd64_microsoft.windows.common-controls_6595b64144ccf1df_6.0.16299.371_none_15c7d1789365a290\COMCTL32.dll
0x00007ffd68a90000 - 0x00007ffd68d98000 	C:\WINDOWS\System32\combase.dll
0x00007ffd66cd0000 - 0x00007ffd66d42000 	C:\WINDOWS\System32\bcryptPrimitives.dll
0x00007ffd66d50000 - 0x00007ffd66d7d000 	C:\WINDOWS\System32\IMM32.DLL
0x000000005a100000 - 0x000000005a1d2000 	D:\engineer\Java\jdk1.8\jre\bin\msvcr100.dll
0x0000000055600000 - 0x0000000055ea0000 	D:\engineer\Java\jdk1.8\jre\bin\server\jvm.dll
0x00007ffd670d0000 - 0x00007ffd670d8000 	C:\WINDOWS\System32\PSAPI.DLL
0x00007ffd5cd30000 - 0x00007ffd5cd53000 	C:\WINDOWS\SYSTEM32\WINMM.dll
0x00007ffd5aaf0000 - 0x00007ffd5aaf9000 	C:\WINDOWS\SYSTEM32\WSOCK32.dll
0x00007ffd5cd20000 - 0x00007ffd5cd2a000 	C:\WINDOWS\SYSTEM32\VERSION.dll
0x00007ffd69a50000 - 0x00007ffd69abc000 	C:\WINDOWS\System32\WS2_32.dll
0x00007ffd5c8f0000 - 0x00007ffd5c91a000 	C:\WINDOWS\SYSTEM32\WINMMBASE.dll
0x00007ffd66a70000 - 0x00007ffd66aba000 	C:\WINDOWS\System32\cfgmgr32.dll
0x00000000555f0000 - 0x00000000555ff000 	D:\engineer\Java\jdk1.8\jre\bin\verify.dll
0x00000000555c0000 - 0x00000000555e9000 	D:\engineer\Java\jdk1.8\jre\bin\java.dll
0x0000000055590000 - 0x00000000555b3000 	D:\engineer\Java\jdk1.8\jre\bin\instrument.dll
0x0000000055570000 - 0x0000000055586000 	D:\engineer\Java\jdk1.8\jre\bin\zip.dll
0x00007ffd67310000 - 0x00007ffd68746000 	C:\WINDOWS\System32\SHELL32.dll
0x00007ffd66ef0000 - 0x00007ffd66f96000 	C:\WINDOWS\System32\shcore.dll
0x00007ffd66320000 - 0x00007ffd66a67000 	C:\WINDOWS\System32\windows.storage.dll
0x00007ffd699f0000 - 0x00007ffd69a41000 	C:\WINDOWS\System32\shlwapi.dll
0x00007ffd65c20000 - 0x00007ffd65c31000 	C:\WINDOWS\System32\kernel.appcore.dll
0x00007ffd65bd0000 - 0x00007ffd65c1c000 	C:\WINDOWS\System32\powrprof.dll
0x00007ffd65c60000 - 0x00007ffd65c7b000 	C:\WINDOWS\System32\profapi.dll
0x00007ffd59150000 - 0x00007ffd5916a000 	D:\engineer\IDEA\IntelliJ IDEA 2018.1.2\bin\breakgen64.dll
0x0000000055550000 - 0x000000005556a000 	D:\engineer\Java\jdk1.8\jre\bin\net.dll
0x00007ffd65460000 - 0x00007ffd654c6000 	C:\WINDOWS\system32\mswsock.dll
0x0000000054cd0000 - 0x0000000054cdd000 	D:\engineer\Java\jdk1.8\jre\bin\management.dll
0x00007ffd56450000 - 0x00007ffd56466000 	C:\WINDOWS\system32\napinsp.dll
0x00007ffd56430000 - 0x00007ffd5644a000 	C:\WINDOWS\system32\pnrpnsp.dll
0x00007ffd61560000 - 0x00007ffd61578000 	C:\WINDOWS\system32\NLAapi.dll
0x00007ffd65230000 - 0x00007ffd652e6000 	C:\WINDOWS\SYSTEM32\DNSAPI.dll
0x00007ffd69030000 - 0x00007ffd69038000 	C:\WINDOWS\System32\NSI.dll
0x00007ffd651f0000 - 0x00007ffd65229000 	C:\WINDOWS\SYSTEM32\IPHLPAPI.DLL
0x00007ffd56420000 - 0x00007ffd5642e000 	C:\WINDOWS\System32\winrnr.dll
0x0000000054c40000 - 0x0000000054c66000 	C:\Program Files\Bonjour\mdnsNSP.dll
0x00007ffd613e0000 - 0x00007ffd613ea000 	C:\Windows\System32\rasadhlp.dll
0x00007ffd61240000 - 0x00007ffd612b0000 	C:\WINDOWS\System32\fwpuclnt.dll
0x00007ffd65730000 - 0x00007ffd65755000 	C:\WINDOWS\SYSTEM32\bcrypt.dll
0x0000000054ce0000 - 0x0000000054cf1000 	D:\engineer\Java\jdk1.8\jre\bin\nio.dll
0x00007ffd65620000 - 0x00007ffd65637000 	C:\WINDOWS\SYSTEM32\CRYPTSP.dll
0x00007ffd65000000 - 0x00007ffd65033000 	C:\WINDOWS\system32\rsaenh.dll
0x00007ffd65b00000 - 0x00007ffd65b29000 	C:\WINDOWS\SYSTEM32\USERENV.dll
0x00007ffd65640000 - 0x00007ffd6564b000 	C:\WINDOWS\SYSTEM32\CRYPTBASE.dll
0x00007ffd61bc0000 - 0x00007ffd61bd6000 	C:\WINDOWS\SYSTEM32\dhcpcsvc6.DLL
0x00007ffd61a60000 - 0x00007ffd61a7a000 	C:\WINDOWS\SYSTEM32\dhcpcsvc.DLL

VM Arguments:
jvm_args: -javaagent:D:\engineer\IDEA\IntelliJ IDEA 2018.1.2\lib\idea_rt.jar=53313:D:\engineer\IDEA\IntelliJ IDEA 2018.1.2\bin -Dfile.encoding=UTF-8 
java_command: com.school.store.StoreApplication
java_class_path (initial): D:\engineer\Java\jdk1.8\jre\lib\charsets.jar;D:\engineer\Java\jdk1.8\jre\lib\deploy.jar;D:\engineer\Java\jdk1.8\jre\lib\ext\access-bridge-64.jar;D:\engineer\Java\jdk1.8\jre\lib\ext\cldrdata.jar;D:\engineer\Java\jdk1.8\jre\lib\ext\dnsns.jar;D:\engineer\Java\jdk1.8\jre\lib\ext\jaccess.jar;D:\engineer\Java\jdk1.8\jre\lib\ext\jfxrt.jar;D:\engineer\Java\jdk1.8\jre\lib\ext\localedata.jar;D:\engineer\Java\jdk1.8\jre\lib\ext\nashorn.jar;D:\engineer\Java\jdk1.8\jre\lib\ext\sunec.jar;D:\engineer\Java\jdk1.8\jre\lib\ext\sunjce_provider.jar;D:\engineer\Java\jdk1.8\jre\lib\ext\sunmscapi.jar;D:\engineer\Java\jdk1.8\jre\lib\ext\sunpkcs11.jar;D:\engineer\Java\jdk1.8\jre\lib\ext\zipfs.jar;D:\engineer\Java\jdk1.8\jre\lib\javaws.jar;D:\engineer\Java\jdk1.8\jre\lib\jce.jar;D:\engineer\Java\jdk1.8\jre\lib\jfr.jar;D:\engineer\Java\jdk1.8\jre\lib\jfxswt.jar;D:\engineer\Java\jdk1.8\jre\lib\jsse.jar;D:\engineer\Java\jdk1.8\jre\lib\management-agent.jar;D:\engineer\Java\jdk1.8\jre\lib\plugin.jar;D:\engineer\Java\jdk1.8\jre\lib\resources.jar;D:\engineer\Java\jdk1.8\jre\lib\rt.jar;E:\nodeProject\schoolStore\target\classes;C:\Users\Administrator\.m2\repository\org\springframework\boot\spring-boot-starter-web\1.5.9.RELEASE\spring-boot-starter-web-1.5.9.RELEASE.jar;C:\Users\Administrator\.m2\repository\org\springframework\boot\spring-boot-starter\1.5.9.RELEASE\spring-boot-starter-1.5.9.RELEASE.jar;C:\Users\Administrator\.m2\repository\org\springframework\boot\spring-boot-starter-logging\1.5.9.RELEASE\spring-boot-starter-logging-1.5.9.RELEASE.jar;C:\Users\Administrator\.m2\repository\ch\qos\logback\logback-classic\1.1.11\logback-classic-1.1.11.jar;C:\Users\Administrator\.m2\repository\ch\qos\logback\logback-core\1.1.11\logback-core-1.1.11.jar;C:\Users\Administrator\.m2\repository\org\slf4j\jul-to-slf4j\1.7.25\jul-to-slf4j-1.7.25.jar;C:\Users\Administrator\.m2\repository\org\slf4j\log4j-over-slf4j\1.7.25\log4j-over-slf4j-1.7.25.jar;C:\Users\Administrator\.m2\repository\o
Launcher Type: SUN_STANDARD

Environment Variables:
JAVA_HOME=D:\engineer\Java\jdk1.8
CLASSPATH=.;D:\engineer\Java\jdk1.8\lib\dt.jar;D:\engineer\Java\jdk1.8\lib\tools.jar; 
PATH=C:\Program Files (x86)\Common Files\Oracle\Java\javapath;C:\Program Files (x86)\Intel\iCLS Client\;C:\Program Files\Intel\iCLS Client\;C:\WINDOWS\system32;C:\WINDOWS;C:\WINDOWS\System32\Wbem;C:\WINDOWS\System32\WindowsPowerShell\v1.0\;C:\Program Files (x86)\Intel\Intel(R) Management Engine Components\DAL;C:\Program Files\Intel\Intel(R) Management Engine Components\DAL;C:\Program Files (x86)\Intel\Intel(R) Management Engine Components\IPT;C:\Program Files\Intel\Intel(R) Management Engine Components\IPT;C:\Program Files\dotnet\;D:\engineer\Cmake\bin;D:\engineer\Opencv\opencv\build\x64\vc14\bin;D:\engineer\nodejs\;D:\engineer\Anaconda3\;D:\engineer\Anaconda3\Scripts\;"D:\engineer\Java\jdk1.8\bin;D:\engineer\Java\jdk1.8\jre\bin;";D:\engineer\redis\;D:\engineer\mysql\mysql-8.0.11-winx64\bin;C:\Users\Administrator\AppData\Local\Microsoft\WindowsApps;C:\Users\Administrator\AppData\Roaming\npm;C:\Program Files\Microsoft VS Code\bin
USERNAME=Administrator
OS=Windows_NT
PROCESSOR_IDENTIFIER=Intel64 Family 6 Model 94 Stepping 3, GenuineIntel



---------------  S Y S T E M  ---------------

OS: Windows 10.0 , 64 bit Build 16299 (10.0.16299.15)

CPU:total 8 (initial active 8) (4 cores per cpu, 2 threads per core) family 6 model 94 stepping 3, cmov, cx8, fxsr, mmx, sse, sse2, sse3, ssse3, sse4.1, sse4.2, popcnt, avx, avx2, aes, clmul, erms, rtm, 3dnowpref, lzcnt, ht, tsc, tscinvbit, bmi1, bmi2, adx

Memory: 4k page, physical 8249364k(1489160k free), swap 10346516k(5164k free)

vm_info: Java HotSpot(TM) 64-Bit Server VM (25.171-b11) for windows-amd64 JRE (1.8.0_171-b11), built on Mar 28 2018 16:06:12 by "java_re" with MS VC++ 10.0 (VS2010)

time: Thu May 03 22:09:20 2018
elapsed time: 8 seconds (0d 0h 0m 8s)

