#
# There is insufficient memory for the Java Runtime Environment to continue.
# Native memory allocation (malloc) failed to allocate 1596352 bytes for Chunk::new
# Possible reasons:
#   The system is out of physical RAM or swap space
#   In 32 bit mode, the process size limit was hit
# Possible solutions:
#   Reduce memory load on the system
#   Increase physical memory or swap space
#   Check if swap backing store is full
#   Use 64 bit Java on a 64 bit OS
#   Decrease Java heap size (-Xmx/-Xms)
#   Decrease number of Java threads
#   Decrease Java thread stack sizes (-Xss)
#   Set larger code cache with -XX:ReservedCodeCacheSize=
# This output file may be truncated or incomplete.
#
#  Out of Memory Error (allocation.cpp:390), pid=5820, tid=0x0000000000002bac
#
# JRE version: Java(TM) SE Runtime Environment (8.0_171-b11) (build 1.8.0_171-b11)
# Java VM: Java HotSpot(TM) 64-Bit Server VM (25.171-b11 mixed mode windows-amd64 compressed oops)
# Failed to write core dump. Minidumps are not enabled by default on client versions of Windows
#

---------------  T H R E A D  ---------------

Current thread (0x000000001c7b7800):  JavaThread "C2 CompilerThread2" daemon [_thread_in_native, id=11180, stack(0x000000001d1b0000,0x000000001d2b0000)]

Stack: [0x000000001d1b0000,0x000000001d2b0000]
[error occurred during error reporting (printing stack bounds), id 0xc0000005]

Native frames: (J=compiled Java code, j=interpreted, Vv=VM code, C=native code)


Current CompileTask:
C2:   7652 3924   !   4       org.apache.tomcat.util.IntrospectionUtils::setProperty (884 bytes)


---------------  P R O C E S S  ---------------

Java Threads: ( => current thread )
  0x00000000221a6800 JavaThread "Druid-ConnectionPool-Destroy-1403136842" daemon [_thread_blocked, id=5560, stack(0x0000000026030000,0x0000000026130000)]
  0x00000000221a8000 JavaThread "Druid-ConnectionPool-Create-1403136842" daemon [_thread_in_vm, id=10000, stack(0x0000000025f30000,0x0000000026030000)]
  0x00000000221aa000 JavaThread "Abandoned connection cleanup thread" daemon [_thread_blocked, id=13040, stack(0x0000000025c30000,0x0000000025d30000)]
  0x00000000221a9800 JavaThread "container-0" [_thread_blocked, id=7276, stack(0x0000000025b30000,0x0000000025c30000)]
  0x00000000221ad800 JavaThread "ContainerBackgroundProcessor[StandardEngine[Tomcat]]" daemon [_thread_blocked, id=10460, stack(0x0000000025a30000,0x0000000025b30000)]
  0x00000000221ac000 JavaThread "localhost-startStop-1" daemon [_thread_blocked, id=5784, stack(0x00000000246c0000,0x00000000247c0000)]
  0x00000000221ac800 JavaThread "Tomcat-startStop-1" daemon [_thread_blocked, id=13016, stack(0x0000000023f50000,0x0000000024050000)]
  0x00000000221ab000 JavaThread "commons-pool-evictor-thread" [_thread_blocked, id=14012, stack(0x0000000022c20000,0x0000000022d20000)]
  0x000000001da53800 JavaThread "restartedMain" [_thread_blocked, id=7332, stack(0x000000001eaa0000,0x000000001eba0000)]
  0x000000001dff8000 JavaThread "Thread-1" [_thread_blocked, id=9960, stack(0x000000001e9a0000,0x000000001eaa0000)]
  0x000000001c824800 JavaThread "Service Thread" daemon [_thread_blocked, id=4496, stack(0x000000001d3b0000,0x000000001d4b0000)]
  0x000000001c7b8000 JavaThread "C1 CompilerThread3" daemon [_thread_blocked, id=1628, stack(0x000000001d2b0000,0x000000001d3b0000)]
=>0x000000001c7b7800 JavaThread "C2 CompilerThread2" daemon [_thread_in_native, id=11180, stack(0x000000001d1b0000,0x000000001d2b0000)]
  0x000000001c7b4800 JavaThread "C2 CompilerThread1" daemon [_thread_in_native, id=6344, stack(0x000000001d0b0000,0x000000001d1b0000)]
  0x000000001c7b0000 JavaThread "C2 CompilerThread0" daemon [_thread_in_native, id=13504, stack(0x000000001cfb0000,0x000000001d0b0000)]
  0x000000001c845000 JavaThread "Monitor Ctrl-Break" daemon [_thread_in_native, id=6216, stack(0x000000001ceb0000,0x000000001cfb0000)]
  0x000000001a0db000 JavaThread "Attach Listener" daemon [_thread_blocked, id=4092, stack(0x000000001c5b0000,0x000000001c6b0000)]
  0x000000001c048000 JavaThread "Signal Dispatcher" daemon [_thread_blocked, id=12688, stack(0x000000001c4b0000,0x000000001c5b0000)]
  0x000000001a0d4800 JavaThread "Finalizer" daemon [_thread_blocked, id=4048, stack(0x000000001c3b0000,0x000000001c4b0000)]
  0x000000000518e800 JavaThread "Reference Handler" daemon [_thread_blocked, id=9784, stack(0x000000001beb0000,0x000000001bfb0000)]
  0x0000000005097000 JavaThread "main" [_thread_blocked, id=7340, stack(0x0000000004e90000,0x0000000004f90000)]

Other Threads:
  0x000000001a0ca000 VMThread [stack: 0x000000001bdb0000,0x000000001beb0000] [id=9924]
  0x000000001c827800 WatcherThread [stack: 0x000000001d4b0000,0x000000001d5b0000] [id=13296]

VM state:not at safepoint (normal execution)

VM Mutex/Monitor currently owned by a thread: None

Heap:
 PSYoungGen      total 234496K, used 78791K [0x00000000d6000000, 0x00000000e5200000, 0x0000000100000000)
  eden space 223232K, 35% used [0x00000000d6000000,0x00000000dacf1fe0,0x00000000e3a00000)
  from space 11264K, 0% used [0x00000000e3c00000,0x00000000e3c00000,0x00000000e4700000)
  to   space 9216K, 0% used [0x00000000e4900000,0x00000000e4900000,0x00000000e5200000)
 ParOldGen       total 79872K, used 21242K [0x0000000082000000, 0x0000000086e00000, 0x00000000d6000000)
  object space 79872K, 26% used [0x0000000082000000,0x00000000834bebe8,0x0000000086e00000)
 Metaspace       used 37876K, capacity 38480K, committed 38784K, reserved 1083392K
  class space    used 4542K, capacity 4705K, committed 4736K, reserved 1048576K

Card table byte_map: [0x0000000014550000,0x0000000014950000] byte_map_base: 0x0000000014140000

Marking Bits: (ParMarkBitMap*) 0x00000000599108c0
 Begin Bits: [0x00000000153f0000, 0x0000000017370000)
 End Bits:   [0x0000000017370000, 0x00000000192f0000)

Polling page: 0x0000000002ce0000

CodeCache: size=245760Kb used=13855Kb max_used=15188Kb free=231904Kb
 bounds [0x0000000005190000, 0x0000000006070000, 0x0000000014190000]
 total_blobs=4019 nmethods=3558 adapters=373
 compilation: enabled

Compilation events (10 events):
Event: 7.584 Thread 0x000000001c7b8000 4196       3       sun.reflect.UnsafeObjectFieldAccessorImpl::get (17 bytes)
Event: 7.584 Thread 0x000000001c7b8000 nmethod 4196 0x0000000005409710 code [0x00000000054098e0, 0x000000000540a338]
Event: 7.584 Thread 0x000000001c7b8000 4199       3       java.lang.reflect.Field::get (51 bytes)
Event: 7.585 Thread 0x000000001c7b8000 nmethod 4199 0x0000000005868890 code [0x0000000005868a60, 0x0000000005869088]
Event: 7.585 Thread 0x000000001c7b8000 4201       3       sun.reflect.UnsafeFieldAccessorImpl::ensureObj (23 bytes)
Event: 7.585 Thread 0x000000001c7b8000 nmethod 4201 0x0000000005d38d10 code [0x0000000005d38ee0, 0x0000000005d39838]
Event: 7.585 Thread 0x000000001c7b8000 4200       1       com.mysql.jdbc.ConnectionPropertiesImpl$ConnectionProperty::getValueAsObject (5 bytes)
Event: 7.585 Thread 0x000000001c7b8000 nmethod 4200 0x0000000005499b50 code [0x0000000005499ca0, 0x0000000005499db0]
Event: 7.585 Thread 0x000000001c7b8000 4198       3       java.lang.reflect.AccessibleObject::checkAccess (96 bytes)
Event: 7.586 Thread 0x000000001c7b8000 nmethod 4198 0x00000000059ed050 code [0x00000000059ed200, 0x00000000059ed9a8]

GC Heap History (10 events):
Event: 2.227 GC heap before
{Heap before GC invocations=7 (full 1):
 PSYoungGen      total 140288K, used 5509K [0x00000000d6000000, 0x00000000df300000, 0x0000000100000000)
  eden space 131072K, 0% used [0x00000000d6000000,0x00000000d6000000,0x00000000de000000)
  from space 9216K, 59% used [0x00000000dea00000,0x00000000def615e0,0x00000000df300000)
  to   space 9728K, 0% used [0x00000000de000000,0x00000000de000000,0x00000000de980000)
 ParOldGen       total 86016K, used 7150K [0x0000000082000000, 0x0000000087400000, 0x00000000d6000000)
  object space 86016K, 8% used [0x0000000082000000,0x00000000826fbbb8,0x0000000087400000)
 Metaspace       used 20808K, capacity 21174K, committed 21296K, reserved 1069056K
  class space    used 2507K, capacity 2610K, committed 2688K, reserved 1048576K
Event: 2.255 GC heap after
Heap after GC invocations=7 (full 1):
 PSYoungGen      total 140288K, used 0K [0x00000000d6000000, 0x00000000df300000, 0x0000000100000000)
  eden space 131072K, 0% used [0x00000000d6000000,0x00000000d6000000,0x00000000de000000)
  from space 9216K, 0% used [0x00000000dea00000,0x00000000dea00000,0x00000000df300000)
  to   space 9728K, 0% used [0x00000000de000000,0x00000000de000000,0x00000000de980000)
 ParOldGen       total 51200K, used 6880K [0x0000000082000000, 0x0000000085200000, 0x00000000d6000000)
  object space 51200K, 13% used [0x0000000082000000,0x00000000826b8200,0x0000000085200000)
 Metaspace       used 20808K, capacity 21174K, committed 21296K, reserved 1069056K
  class space    used 2507K, capacity 2610K, committed 2688K, reserved 1048576K
}
Event: 3.642 GC heap before
{Heap before GC invocations=8 (full 1):
 PSYoungGen      total 140288K, used 131072K [0x00000000d6000000, 0x00000000df300000, 0x0000000100000000)
  eden space 131072K, 100% used [0x00000000d6000000,0x00000000de000000,0x00000000de000000)
  from space 9216K, 0% used [0x00000000dea00000,0x00000000dea00000,0x00000000df300000)
  to   space 9728K, 0% used [0x00000000de000000,0x00000000de000000,0x00000000de980000)
 ParOldGen       total 51200K, used 6880K [0x0000000082000000, 0x0000000085200000, 0x00000000d6000000)
  object space 51200K, 13% used [0x0000000082000000,0x00000000826b8200,0x0000000085200000)
 Metaspace       used 24143K, capacity 24650K, committed 24832K, reserved 1071104K
  class space    used 2931K, capacity 3056K, committed 3072K, reserved 1048576K
Event: 3.657 GC heap after
Heap after GC invocations=8 (full 1):
 PSYoungGen      total 140800K, used 6132K [0x00000000d6000000, 0x00000000e5200000, 0x0000000100000000)
  eden space 131072K, 0% used [0x00000000d6000000,0x00000000d6000000,0x00000000de000000)
  from space 9728K, 63% used [0x00000000de000000,0x00000000de5fd2d8,0x00000000de980000)
  to   space 9216K, 0% used [0x00000000e4900000,0x00000000e4900000,0x00000000e5200000)
 ParOldGen       total 51200K, used 6888K [0x0000000082000000, 0x0000000085200000, 0x00000000d6000000)
  object space 51200K, 13% used [0x0000000082000000,0x00000000826ba200,0x0000000085200000)
 Metaspace       used 24143K, capacity 24650K, committed 24832K, reserved 1071104K
  class space    used 2931K, capacity 3056K, committed 3072K, reserved 1048576K
}
Event: 5.603 GC heap before
{Heap before GC invocations=9 (full 1):
 PSYoungGen      total 140800K, used 137204K [0x00000000d6000000, 0x00000000e5200000, 0x0000000100000000)
  eden space 131072K, 100% used [0x00000000d6000000,0x00000000de000000,0x00000000de000000)
  from space 9728K, 63% used [0x00000000de000000,0x00000000de5fd2d8,0x00000000de980000)
  to   space 9216K, 0% used [0x00000000e4900000,0x00000000e4900000,0x00000000e5200000)
 ParOldGen       total 51200K, used 6888K [0x0000000082000000, 0x0000000085200000, 0x00000000d6000000)
  object space 51200K, 13% used [0x0000000082000000,0x00000000826ba200,0x0000000085200000)
 Metaspace       used 30901K, capacity 31428K, committed 31616K, reserved 1077248K
  class space    used 3799K, capacity 3935K, committed 3968K, reserved 1048576K
Event: 5.618 GC heap after
Heap after GC invocations=9 (full 1):
 PSYoungGen      total 232448K, used 9185K [0x00000000d6000000, 0x00000000e5200000, 0x0000000100000000)
  eden space 223232K, 0% used [0x00000000d6000000,0x00000000d6000000,0x00000000e3a00000)
  from space 9216K, 99% used [0x00000000e4900000,0x00000000e51f8710,0x00000000e5200000)
  to   space 11264K, 0% used [0x00000000e3c00000,0x00000000e3c00000,0x00000000e4700000)
 ParOldGen       total 51200K, used 9002K [0x0000000082000000, 0x0000000085200000, 0x00000000d6000000)
  object space 51200K, 17% used [0x0000000082000000,0x00000000828cab58,0x0000000085200000)
 Metaspace       used 30901K, capacity 31428K, committed 31616K, reserved 1077248K
  class space    used 3799K, capacity 3935K, committed 3968K, reserved 1048576K
}
Event: 6.996 GC heap before
{Heap before GC invocations=10 (full 1):
 PSYoungGen      total 232448K, used 148485K [0x00000000d6000000, 0x00000000e5200000, 0x0000000100000000)
  eden space 223232K, 62% used [0x00000000d6000000,0x00000000de808d48,0x00000000e3a00000)
  from space 9216K, 99% used [0x00000000e4900000,0x00000000e51f8710,0x00000000e5200000)
  to   space 11264K, 0% used [0x00000000e3c00000,0x00000000e3c00000,0x00000000e4700000)
 ParOldGen       total 51200K, used 9002K [0x0000000082000000, 0x0000000085200000, 0x00000000d6000000)
  object space 51200K, 17% used [0x0000000082000000,0x00000000828cab58,0x0000000085200000)
 Metaspace       used 34722K, capacity 35236K, committed 35456K, reserved 1081344K
  class space    used 4262K, capacity 4415K, committed 4480K, reserved 1048576K
Event: 7.017 GC heap after
Heap after GC invocations=10 (full 1):
 PSYoungGen      total 234496K, used 11253K [0x00000000d6000000, 0x00000000e5200000, 0x0000000100000000)
  eden space 223232K, 0% used [0x00000000d6000000,0x00000000d6000000,0x00000000e3a00000)
  from space 11264K, 99% used [0x00000000e3c00000,0x00000000e46fd6e0,0x00000000e4700000)
  to   space 9216K, 0% used [0x00000000e4900000,0x00000000e4900000,0x00000000e5200000)
 ParOldGen       total 51200K, used 12651K [0x0000000082000000, 0x0000000085200000, 0x00000000d6000000)
  object space 51200K, 24% used [0x0000000082000000,0x0000000082c5ac68,0x0000000085200000)
 Metaspace       used 34722K, capacity 35236K, committed 35456K, reserved 1081344K
  class space    used 4262K, capacity 4415K, committed 4480K, reserved 1048576K
}
Event: 7.017 GC heap before
{Heap before GC invocations=11 (full 2):
 PSYoungGen      total 234496K, used 11253K [0x00000000d6000000, 0x00000000e5200000, 0x0000000100000000)
  eden space 223232K, 0% used [0x00000000d6000000,0x00000000d6000000,0x00000000e3a00000)
  from space 11264K, 99% used [0x00000000e3c00000,0x00000000e46fd6e0,0x00000000e4700000)
  to   space 9216K, 0% used [0x00000000e4900000,0x00000000e4900000,0x00000000e5200000)
 ParOldGen       total 51200K, used 12651K [0x0000000082000000, 0x0000000085200000, 0x00000000d6000000)
  object space 51200K, 24% used [0x0000000082000000,0x0000000082c5ac68,0x0000000085200000)
 Metaspace       used 34722K, capacity 35236K, committed 35456K, reserved 1081344K
  class space    used 4262K, capacity 4415K, committed 4480K, reserved 1048576K
Event: 7.084 GC heap after
Heap after GC invocations=11 (full 2):
 PSYoungGen      total 234496K, used 0K [0x00000000d6000000, 0x00000000e5200000, 0x0000000100000000)
  eden space 223232K, 0% used [0x00000000d6000000,0x00000000d6000000,0x00000000e3a00000)
  from space 11264K, 0% used [0x00000000e3c00000,0x00000000e3c00000,0x00000000e4700000)
  to   space 9216K, 0% used [0x00000000e4900000,0x00000000e4900000,0x00000000e5200000)
 ParOldGen       total 79872K, used 21242K [0x0000000082000000, 0x0000000086e00000, 0x00000000d6000000)
  object space 79872K, 26% used [0x0000000082000000,0x00000000834bebe8,0x0000000086e00000)
 Metaspace       used 34722K, capacity 35236K, committed 35456K, reserved 1081344K
  class space    used 4262K, capacity 4415K, committed 4480K, reserved 1048576K
}

Deoptimization events (10 events):
Event: 6.930 Thread 0x00000000221ac000 Uncommon trap: reason=unstable_if action=reinterpret pc=0x0000000005ce6aa4 method=java.util.WeakHashMap.remove(Ljava/lang/Object;)Ljava/lang/Object; @ 94
Event: 7.134 Thread 0x000000001da53800 Uncommon trap: reason=bimorphic action=maybe_recompile pc=0x000000000599ac10 method=java.util.Hashtable.get(Ljava/lang/Object;)Ljava/lang/Object; @ 6
Event: 7.134 Thread 0x000000001da53800 Uncommon trap: reason=bimorphic action=maybe_recompile pc=0x000000000599ac10 method=java.util.Hashtable.get(Ljava/lang/Object;)Ljava/lang/Object; @ 6
Event: 7.455 Thread 0x00000000221aa000 Uncommon trap: reason=unstable_if action=reinterpret pc=0x000000000537f774 method=java.util.zip.ZipCoder.getBytes(Ljava/lang/String;)[B @ 32
Event: 7.455 Thread 0x00000000221aa000 Uncommon trap: reason=unstable_if action=reinterpret pc=0x00000000053655c8 method=java.util.zip.ZipCoder.getBytes(Ljava/lang/String;)[B @ 32
Event: 7.455 Thread 0x00000000221aa000 Uncommon trap: reason=unstable_if action=reinterpret pc=0x0000000005bedb34 method=java.net.URL.<init>(Ljava/net/URL;Ljava/lang/String;Ljava/net/URLStreamHandler;)V @ 57
Event: 7.455 Thread 0x00000000221aa000 Uncommon trap: reason=unstable_if action=reinterpret pc=0x00000000056cb59c method=java.net.URLStreamHandler.parseURL(Ljava/net/URL;Ljava/lang/String;II)V @ 57
Event: 7.468 Thread 0x000000001da53800 Uncommon trap: reason=unstable_if action=reinterpret pc=0x0000000005439dc8 method=java.lang.AbstractStringBuilder.append(Ljava/lang/String;)Ljava/lang/AbstractStringBuilder; @ 1
Event: 7.472 Thread 0x000000001da53800 Uncommon trap: reason=unstable_if action=reinterpret pc=0x000000000601d818 method=java.util.Properties.load0(Ljava/util/Properties$LineReader;)V @ 56
Event: 7.506 Thread 0x00000000221a8000 Uncommon trap: reason=unstable_if action=reinterpret pc=0x00000000053f4684 method=sun.nio.cs.UTF_8$Decoder.decode([BII[C)I @ 30

Classes redefined (0 events):
No events

Internal exceptions (10 events):
Event: 7.377 Thread 0x000000001da53800 Exception <a 'java/lang/ClassNotFoundException': org/springframework/boot/autoconfigure/transaction/TransactionManagerCustomizersCustomizer> (0x00000000d86af7f8) thrown at [C:\re\workspace\8-2-build-windows-amd64-cygwin\jdk8u171\10807\hotspot\src\share\vm
Event: 7.379 Thread 0x000000001da53800 Exception <a 'java/lang/ClassNotFoundException': org/springframework/boot/autoconfigure/orm/jpa/HibernateJpaAutoConfiguration$$EnhancerBySpringCGLIB$$ba01c6d8BeanInfo> (0x00000000d86f21e8) thrown at [C:\re\workspace\8-2-build-windows-amd64-cygwin\jdk8u171
Event: 7.379 Thread 0x000000001da53800 Exception <a 'java/lang/ClassNotFoundException': org/springframework/boot/autoconfigure/orm/jpa/HibernateJpaAutoConfigurationBeanInfo> (0x00000000d8711658) thrown at [C:\re\workspace\8-2-build-windows-amd64-cygwin\jdk8u171\10807\hotspot\src\share\vm\class
Event: 7.379 Thread 0x000000001da53800 Exception <a 'java/lang/ClassNotFoundException': org/springframework/boot/autoconfigure/orm/jpa/JpaBaseConfigurationBeanInfo> (0x00000000d872e640) thrown at [C:\re\workspace\8-2-build-windows-amd64-cygwin\jdk8u171\10807\hotspot\src\share\vm\classfile\syst
Event: 7.380 Thread 0x000000001da53800 Exception <a 'java/lang/ClassNotFoundException': org/springframework/boot/autoconfigure/orm/jpa/JpaBaseConfigurationCustomizer> (0x00000000d874bcb0) thrown at [C:\re\workspace\8-2-build-windows-amd64-cygwin\jdk8u171\10807\hotspot\src\share\vm\classfile\sy
Event: 7.380 Thread 0x000000001da53800 Exception <a 'java/lang/ClassNotFoundException': org/springframework/boot/autoconfigure/orm/jpa/HibernateJpaAutoConfigurationCustomizer> (0x00000000d877b130) thrown at [C:\re\workspace\8-2-build-windows-amd64-cygwin\jdk8u171\10807\hotspot\src\share\vm\cla
Event: 7.381 Thread 0x000000001da53800 Exception <a 'java/lang/ClassNotFoundException': org/springframework/boot/autoconfigure/orm/jpa/HibernateJpaAutoConfiguration$$EnhancerBySpringCGLIB$$ba01c6d8Customizer> (0x00000000d87a5cb8) thrown at [C:\re\workspace\8-2-build-windows-amd64-cygwin\jdk8u1
Event: 7.381 Thread 0x000000001da53800 Exception <a 'java/lang/ClassNotFoundException': org/springframework/context/annotation/ConfigurationClassEnhancer$EnhancedConfigurationCustomizer> (0x00000000d87d54a8) thrown at [C:\re\workspace\8-2-build-windows-amd64-cygwin\jdk8u171\10807\hotspot\src\s
Event: 7.381 Thread 0x000000001da53800 Exception <a 'java/lang/ClassNotFoundException': org/springframework/beans/factory/BeanFactoryAwareCustomizer> (0x00000000d87ee0b0) thrown at [C:\re\workspace\8-2-build-windows-amd64-cygwin\jdk8u171\10807\hotspot\src\share\vm\classfile\systemDictionary.cp
Event: 7.468 Thread 0x000000001da53800 Implicit null exception at 0x0000000005439a16 to 0x0000000005439db1

Events (10 events):
Event: 7.612 loading class com/mysql/jdbc/authentication/MysqlClearPasswordPlugin
Event: 7.612 loading class com/mysql/jdbc/authentication/MysqlClearPasswordPlugin done
Event: 7.613 loading class com/mysql/jdbc/Security
Event: 7.613 loading class com/mysql/jdbc/Security done
Event: 7.614 Executing VM operation: RevokeBias
Event: 7.614 Executing VM operation: RevokeBias done
Event: 7.614 Executing VM operation: RevokeBias
Event: 7.614 Executing VM operation: RevokeBias done
Event: 7.614 loading class sun/nio/cs/US_ASCII$Encoder
Event: 7.614 loading class sun/nio/cs/US_ASCII$Encoder done


Dynamic libraries:
0x00007ff789710000 - 0x00007ff789747000 	D:\engineer\Java\jdk1.8\bin\java.exe
0x00007ffd6a050000 - 0x00007ffd6a230000 	C:\WINDOWS\SYSTEM32\ntdll.dll
0x00007ffd69dd0000 - 0x00007ffd69e7e000 	C:\WINDOWS\System32\KERNEL32.DLL
0x00007ffd660b0000 - 0x00007ffd66316000 	C:\WINDOWS\System32\KERNELBASE.dll
0x00007ffd67020000 - 0x00007ffd670c1000 	C:\WINDOWS\System32\ADVAPI32.dll
0x00007ffd68f90000 - 0x00007ffd6902d000 	C:\WINDOWS\System32\msvcrt.dll
0x00007ffd69eb0000 - 0x00007ffd69f0b000 	C:\WINDOWS\System32\sechost.dll
0x00007ffd68e40000 - 0x00007ffd68f5f000 	C:\WINDOWS\System32\RPCRT4.dll
0x00007ffd69800000 - 0x00007ffd6998f000 	C:\WINDOWS\System32\USER32.dll
0x00007ffd65c80000 - 0x00007ffd65ca0000 	C:\WINDOWS\System32\win32u.dll
0x00007ffd69e80000 - 0x00007ffd69ea8000 	C:\WINDOWS\System32\GDI32.dll
0x00007ffd65d40000 - 0x00007ffd65ed3000 	C:\WINDOWS\System32\gdi32full.dll
0x00007ffd65ca0000 - 0x00007ffd65d3b000 	C:\WINDOWS\System32\msvcp_win.dll
0x00007ffd66bd0000 - 0x00007ffd66cc6000 	C:\WINDOWS\System32\ucrtbase.dll
0x00007ffd5a4a0000 - 0x00007ffd5a709000 	C:\WINDOWS\WinSxS\amd64_microsoft.windows.common-controls_6595b64144ccf1df_6.0.16299.371_none_15c7d1789365a290\COMCTL32.dll
0x00007ffd68a90000 - 0x00007ffd68d98000 	C:\WINDOWS\System32\combase.dll
0x00007ffd66cd0000 - 0x00007ffd66d42000 	C:\WINDOWS\System32\bcryptPrimitives.dll
0x00007ffd66d50000 - 0x00007ffd66d7d000 	C:\WINDOWS\System32\IMM32.DLL
0x0000000059990000 - 0x0000000059a62000 	D:\engineer\Java\jdk1.8\jre\bin\msvcr100.dll
0x00000000590f0000 - 0x0000000059990000 	D:\engineer\Java\jdk1.8\jre\bin\server\jvm.dll
0x00007ffd670d0000 - 0x00007ffd670d8000 	C:\WINDOWS\System32\PSAPI.DLL
0x00007ffd60ea0000 - 0x00007ffd60ea9000 	C:\WINDOWS\SYSTEM32\WSOCK32.dll
0x00007ffd69a50000 - 0x00007ffd69abc000 	C:\WINDOWS\System32\WS2_32.dll
0x00007ffd5cd20000 - 0x00007ffd5cd2a000 	C:\WINDOWS\SYSTEM32\VERSION.dll
0x00007ffd5cd30000 - 0x00007ffd5cd53000 	C:\WINDOWS\SYSTEM32\WINMM.dll
0x00007ffd5c8f0000 - 0x00007ffd5c91a000 	C:\WINDOWS\SYSTEM32\WINMMBASE.dll
0x00007ffd66a70000 - 0x00007ffd66aba000 	C:\WINDOWS\System32\cfgmgr32.dll
0x000000005be90000 - 0x000000005be9f000 	D:\engineer\Java\jdk1.8\jre\bin\verify.dll
0x000000005ba60000 - 0x000000005ba89000 	D:\engineer\Java\jdk1.8\jre\bin\java.dll
0x000000005ba10000 - 0x000000005ba33000 	D:\engineer\Java\jdk1.8\jre\bin\instrument.dll
0x000000005ba40000 - 0x000000005ba56000 	D:\engineer\Java\jdk1.8\jre\bin\zip.dll
0x00007ffd67310000 - 0x00007ffd68746000 	C:\WINDOWS\System32\SHELL32.dll
0x00007ffd66ef0000 - 0x00007ffd66f96000 	C:\WINDOWS\System32\shcore.dll
0x00007ffd66320000 - 0x00007ffd66a67000 	C:\WINDOWS\System32\windows.storage.dll
0x00007ffd699f0000 - 0x00007ffd69a41000 	C:\WINDOWS\System32\shlwapi.dll
0x00007ffd65c20000 - 0x00007ffd65c31000 	C:\WINDOWS\System32\kernel.appcore.dll
0x00007ffd65bd0000 - 0x00007ffd65c1c000 	C:\WINDOWS\System32\powrprof.dll
0x00007ffd65c60000 - 0x00007ffd65c7b000 	C:\WINDOWS\System32\profapi.dll
0x00007ffd5dc80000 - 0x00007ffd5dc9a000 	D:\engineer\IDEA\IntelliJ IDEA 2018.1.2\bin\breakgen64.dll
0x0000000058f90000 - 0x0000000058faa000 	D:\engineer\Java\jdk1.8\jre\bin\net.dll
0x00007ffd65460000 - 0x00007ffd654c6000 	C:\WINDOWS\system32\mswsock.dll
0x000000005be80000 - 0x000000005be8d000 	D:\engineer\Java\jdk1.8\jre\bin\management.dll
0x00007ffd56450000 - 0x00007ffd56466000 	C:\WINDOWS\system32\napinsp.dll
0x00007ffd56430000 - 0x00007ffd5644a000 	C:\WINDOWS\system32\pnrpnsp.dll
0x00007ffd61560000 - 0x00007ffd61578000 	C:\WINDOWS\system32\NLAapi.dll
0x00007ffd65230000 - 0x00007ffd652e6000 	C:\WINDOWS\SYSTEM32\DNSAPI.dll
0x00007ffd69030000 - 0x00007ffd69038000 	C:\WINDOWS\System32\NSI.dll
0x00007ffd651f0000 - 0x00007ffd65229000 	C:\WINDOWS\SYSTEM32\IPHLPAPI.DLL
0x00007ffd56420000 - 0x00007ffd5642e000 	C:\WINDOWS\System32\winrnr.dll
0x00007ffd613e0000 - 0x00007ffd613ea000 	C:\Windows\System32\rasadhlp.dll
0x00007ffd61240000 - 0x00007ffd612b0000 	C:\WINDOWS\System32\fwpuclnt.dll
0x00007ffd65730000 - 0x00007ffd65755000 	C:\WINDOWS\SYSTEM32\bcrypt.dll
0x0000000058f70000 - 0x0000000058f81000 	D:\engineer\Java\jdk1.8\jre\bin\nio.dll
0x00007ffd65620000 - 0x00007ffd65637000 	C:\WINDOWS\SYSTEM32\CRYPTSP.dll
0x00007ffd65000000 - 0x00007ffd65033000 	C:\WINDOWS\system32\rsaenh.dll
0x00007ffd65b00000 - 0x00007ffd65b29000 	C:\WINDOWS\SYSTEM32\USERENV.dll
0x00007ffd65640000 - 0x00007ffd6564b000 	C:\WINDOWS\SYSTEM32\CRYPTBASE.dll
0x00007ffd61bc0000 - 0x00007ffd61bd6000 	C:\WINDOWS\SYSTEM32\dhcpcsvc6.DLL
0x00007ffd61a60000 - 0x00007ffd61a7a000 	C:\WINDOWS\SYSTEM32\dhcpcsvc.DLL

VM Arguments:
jvm_args: -javaagent:D:\engineer\IDEA\IntelliJ IDEA 2018.1.2\lib\coverage-agent.jar=C:\Users\Administrator\AppData\Local\Temp\coverageargs -javaagent:D:\engineer\IDEA\IntelliJ IDEA 2018.1.2\lib\idea_rt.jar=61592:D:\engineer\IDEA\IntelliJ IDEA 2018.1.2\bin -Dfile.encoding=UTF-8 
java_command: com.school.store.StoreApplication
java_class_path (initial): D:\engineer\Java\jdk1.8\jre\lib\charsets.jar;D:\engineer\Java\jdk1.8\jre\lib\deploy.jar;D:\engineer\Java\jdk1.8\jre\lib\ext\access-bridge-64.jar;D:\engineer\Java\jdk1.8\jre\lib\ext\cldrdata.jar;D:\engineer\Java\jdk1.8\jre\lib\ext\dnsns.jar;D:\engineer\Java\jdk1.8\jre\lib\ext\jaccess.jar;D:\engineer\Java\jdk1.8\jre\lib\ext\jfxrt.jar;D:\engineer\Java\jdk1.8\jre\lib\ext\localedata.jar;D:\engineer\Java\jdk1.8\jre\lib\ext\nashorn.jar;D:\engineer\Java\jdk1.8\jre\lib\ext\sunec.jar;D:\engineer\Java\jdk1.8\jre\lib\ext\sunjce_provider.jar;D:\engineer\Java\jdk1.8\jre\lib\ext\sunmscapi.jar;D:\engineer\Java\jdk1.8\jre\lib\ext\sunpkcs11.jar;D:\engineer\Java\jdk1.8\jre\lib\ext\zipfs.jar;D:\engineer\Java\jdk1.8\jre\lib\javaws.jar;D:\engineer\Java\jdk1.8\jre\lib\jce.jar;D:\engineer\Java\jdk1.8\jre\lib\jfr.jar;D:\engineer\Java\jdk1.8\jre\lib\jfxswt.jar;D:\engineer\Java\jdk1.8\jre\lib\jsse.jar;D:\engineer\Java\jdk1.8\jre\lib\management-agent.jar;D:\engineer\Java\jdk1.8\jre\lib\plugin.jar;D:\engineer\Java\jdk1.8\jre\lib\resources.jar;D:\engineer\Java\jdk1.8\jre\lib\rt.jar;E:\nodeProject\schoolStore\target\classes;C:\Users\Administrator\.m2\repository\org\springframework\boot\spring-boot-starter-web\1.5.9.RELEASE\spring-boot-starter-web-1.5.9.RELEASE.jar;C:\Users\Administrator\.m2\repository\org\springframework\boot\spring-boot-starter\1.5.9.RELEASE\spring-boot-starter-1.5.9.RELEASE.jar;C:\Users\Administrator\.m2\repository\org\springframework\boot\spring-boot-starter-logging\1.5.9.RELEASE\spring-boot-starter-logging-1.5.9.RELEASE.jar;C:\Users\Administrator\.m2\repository\ch\qos\logback\logback-classic\1.1.11\logback-classic-1.1.11.jar;C:\Users\Administrator\.m2\repository\ch\qos\logback\logback-core\1.1.11\logback-core-1.1.11.jar;C:\Users\Administrator\.m2\repository\org\slf4j\jul-to-slf4j\1.7.25\jul-to-slf4j-1.7.25.jar;C:\Users\Administrator\.m2\repository\org\slf4j\log4j-over-slf4j\1.7.25\log4j-over-slf4j-1.7.25.jar;C:\Users\Administrator\.m2\repository\o
Launcher Type: SUN_STANDARD

Environment Variables:
JAVA_HOME=D:\engineer\Java\jdk1.8
CLASSPATH=.;D:\engineer\Java\jdk1.8\lib\dt.jar;D:\engineer\Java\jdk1.8\lib\tools.jar; 
PATH=C:\Program Files (x86)\Common Files\Oracle\Java\javapath;C:\Program Files (x86)\Intel\iCLS Client\;C:\Program Files\Intel\iCLS Client\;C:\WINDOWS\system32;C:\WINDOWS;C:\WINDOWS\System32\Wbem;C:\WINDOWS\System32\WindowsPowerShell\v1.0\;C:\Program Files (x86)\Intel\Intel(R) Management Engine Components\DAL;C:\Program Files\Intel\Intel(R) Management Engine Components\DAL;C:\Program Files (x86)\Intel\Intel(R) Management Engine Components\IPT;C:\Program Files\Intel\Intel(R) Management Engine Components\IPT;C:\Program Files\dotnet\;D:\engineer\Cmake\bin;D:\engineer\Opencv\opencv\build\x64\vc14\bin;D:\engineer\nodejs\;D:\engineer\Anaconda3\;D:\engineer\Anaconda3\Scripts\;"D:\engineer\Java\jdk1.8\bin;D:\engineer\Java\jdk1.8\jre\bin;";D:\engineer\redis\;D:\engineer\mysql\mysql-8.0.11-winx64\bin;C:\Users\Administrator\AppData\Local\Microsoft\WindowsApps;C:\Users\Administrator\AppData\Roaming\npm;C:\Program Files\Microsoft VS Code\bin
USERNAME=Administrator
OS=Windows_NT
PROCESSOR_IDENTIFIER=Intel64 Family 6 Model 94 Stepping 3, GenuineIntel



---------------  S Y S T E M  ---------------

OS: Windows 10.0 , 64 bit Build 16299 (10.0.16299.15)

CPU:total 8 (initial active 8) (4 cores per cpu, 2 threads per core) family 6 model 94 stepping 3, cmov, cx8, fxsr, mmx, sse, sse2, sse3, ssse3, sse4.1, sse4.2, popcnt, avx, avx2, aes, clmul, erms, rtm, 3dnowpref, lzcnt, ht, tsc, tscinvbit, bmi1, bmi2, adx

Memory: 4k page, physical 8249364k(2252904k free), swap 10346516k(7972k free)

vm_info: Java HotSpot(TM) 64-Bit Server VM (25.171-b11) for windows-amd64 JRE (1.8.0_171-b11), built on Mar 28 2018 16:06:12 by "java_re" with MS VC++ 10.0 (VS2010)

time: Wed May 02 22:38:22 2018
elapsed time: 7 seconds (0d 0h 0m 7s)

