#
# There is insufficient memory for the Java Runtime Environment to continue.
# Native memory allocation (malloc) failed to allocate 989936 bytes for Chunk::new
# Possible reasons:
#   The system is out of physical RAM or swap space
#   In 32 bit mode, the process size limit was hit
# Possible solutions:
#   Reduce memory load on the system
#   Increase physical memory or swap space
#   Check if swap backing store is full
#   Use 64 bit Java on a 64 bit OS
#   Decrease Java heap size (-Xmx/-Xms)
#   Decrease number of Java threads
#   Decrease Java thread stack sizes (-Xss)
#   Set larger code cache with -XX:ReservedCodeCacheSize=
# This output file may be truncated or incomplete.
#
#  Out of Memory Error (allocation.cpp:390), pid=11612, tid=0x0000000000003348
#
# JRE version: Java(TM) SE Runtime Environment (8.0_171-b11) (build 1.8.0_171-b11)
# Java VM: Java HotSpot(TM) 64-Bit Server VM (25.171-b11 mixed mode windows-amd64 compressed oops)
# Failed to write core dump. Minidumps are not enabled by default on client versions of Windows
#

---------------  T H R E A D  ---------------

Current thread (0x000000001c3bb800):  JavaThread "C2 CompilerThread1" daemon [_thread_in_native, id=13128, stack(0x000000001cd20000,0x000000001ce20000)]

Stack: [0x000000001cd20000,0x000000001ce20000]
[error occurred during error reporting (printing stack bounds), id 0xc0000005]

Native frames: (J=compiled Java code, j=interpreted, Vv=VM code, C=native code)


Current CompileTask:
C2:  97717 8315   !   4       org.springframework.core.SerializableTypeWrapper$TypeProxyInvocationHandler::invoke (232 bytes)


---------------  P R O C E S S  ---------------

Java Threads: ( => current thread )
  0x0000000021309800 JavaThread "DestroyJavaVM" [_thread_blocked, id=14684, stack(0x0000000004b10000,0x0000000004c10000)]
  0x000000002130a000 JavaThread "http-nio-80-AsyncTimeout" daemon [_thread_blocked, id=15084, stack(0x0000000028e40000,0x0000000028f40000)]
  0x0000000021308800 JavaThread "http-nio-80-Acceptor-0" daemon [_thread_in_native, id=12780, stack(0x0000000028d40000,0x0000000028e40000)]
  0x0000000021308000 JavaThread "http-nio-80-ClientPoller-1" daemon [_thread_in_native, id=3132, stack(0x0000000028c40000,0x0000000028d40000)]
  0x0000000021307000 JavaThread "http-nio-80-ClientPoller-0" daemon [_thread_in_native, id=14140, stack(0x0000000028b40000,0x0000000028c40000)]
  0x00000000212ff800 JavaThread "http-nio-80-exec-10" daemon [_thread_blocked, id=13696, stack(0x0000000028a40000,0x0000000028b40000)]
  0x0000000021306800 JavaThread "http-nio-80-exec-9" daemon [_thread_in_vm, id=12188, stack(0x0000000028940000,0x0000000028a40000)]
  0x00000000212ff000 JavaThread "http-nio-80-exec-8" daemon [_thread_blocked, id=8060, stack(0x0000000028840000,0x0000000028940000)]
  0x0000000021302800 JavaThread "http-nio-80-exec-7" daemon [_thread_blocked, id=8324, stack(0x0000000028740000,0x0000000028840000)]
  0x0000000021300800 JavaThread "http-nio-80-exec-6" daemon [_thread_blocked, id=10580, stack(0x0000000028640000,0x0000000028740000)]
  0x0000000021305800 JavaThread "http-nio-80-exec-5" daemon [_thread_blocked, id=8556, stack(0x0000000028540000,0x0000000028640000)]
  0x0000000021301000 JavaThread "http-nio-80-exec-4" daemon [_thread_blocked, id=14216, stack(0x0000000028440000,0x0000000028540000)]
  0x0000000021305000 JavaThread "http-nio-80-exec-3" daemon [_thread_blocked, id=8692, stack(0x0000000028340000,0x0000000028440000)]
  0x0000000021302000 JavaThread "http-nio-80-exec-2" daemon [_thread_blocked, id=15184, stack(0x0000000028240000,0x0000000028340000)]
  0x00000000212fe000 JavaThread "http-nio-80-exec-1" daemon [_thread_blocked, id=6528, stack(0x0000000028140000,0x0000000028240000)]
  0x00000000212fd800 JavaThread "NioBlockingSelector.BlockPoller-1" daemon [_thread_in_native, id=14696, stack(0x0000000028040000,0x0000000028140000)]
  0x0000000021304000 JavaThread "Live Reload Server" daemon [_thread_in_native, id=8884, stack(0x0000000027f40000,0x0000000028040000)]
  0x0000000020a1c000 JavaThread "File Watcher" daemon [_thread_blocked, id=14692, stack(0x0000000027340000,0x0000000027440000)]
  0x0000000020a19800 JavaThread "Druid-ConnectionPool-Destroy-554148547" daemon [_thread_blocked, id=900, stack(0x0000000026c40000,0x0000000026d40000)]
  0x0000000020a18000 JavaThread "Druid-ConnectionPool-Create-554148547" daemon [_thread_blocked, id=14308, stack(0x0000000026b40000,0x0000000026c40000)]
  0x0000000020a19000 JavaThread "Abandoned connection cleanup thread" daemon [_thread_blocked, id=8248, stack(0x0000000026a40000,0x0000000026b40000)]
  0x0000000020a1b000 JavaThread "container-0" [_thread_blocked, id=892, stack(0x0000000025970000,0x0000000025a70000)]
  0x0000000020a1f000 JavaThread "ContainerBackgroundProcessor[StandardEngine[Tomcat]]" daemon [_thread_blocked, id=10824, stack(0x0000000025460000,0x0000000025560000)]
  0x0000000020a1e000 JavaThread "commons-pool-evictor-thread" [_thread_blocked, id=3708, stack(0x0000000023ce0000,0x0000000023de0000)]
  0x000000001c4a5800 JavaThread "Service Thread" daemon [_thread_blocked, id=6300, stack(0x000000001d020000,0x000000001d120000)]
  0x000000001c3de000 JavaThread "C1 CompilerThread3" daemon [_thread_blocked, id=7884, stack(0x000000001cf20000,0x000000001d020000)]
  0x000000001c3d5800 JavaThread "C2 CompilerThread2" daemon [_thread_in_native, id=7492, stack(0x000000001ce20000,0x000000001cf20000)]
=>0x000000001c3bb800 JavaThread "C2 CompilerThread1" daemon [_thread_in_native, id=13128, stack(0x000000001cd20000,0x000000001ce20000)]
  0x000000001c3bb000 JavaThread "C2 CompilerThread0" daemon [_thread_in_native, id=14100, stack(0x000000001cc20000,0x000000001cd20000)]
  0x000000001c346800 JavaThread "Monitor Ctrl-Break" daemon [_thread_in_native, id=5852, stack(0x000000001cb20000,0x000000001cc20000)]
  0x0000000019d5a000 JavaThread "Attach Listener" daemon [_thread_blocked, id=11760, stack(0x000000001c220000,0x000000001c320000)]
  0x000000001bc64000 JavaThread "Signal Dispatcher" daemon [_thread_blocked, id=8264, stack(0x000000001c120000,0x000000001c220000)]
  0x000000001bc40800 JavaThread "Finalizer" daemon [_thread_blocked, id=4540, stack(0x000000001c020000,0x000000001c120000)]
  0x0000000004e0e000 JavaThread "Reference Handler" daemon [_thread_blocked, id=15276, stack(0x000000001bb20000,0x000000001bc20000)]

Other Threads:
  0x0000000019d4a000 VMThread [stack: 0x000000001ba20000,0x000000001bb20000] [id=13060]
  0x000000001c555000 WatcherThread [stack: 0x000000001d120000,0x000000001d220000] [id=12208]

VM state:not at safepoint (normal execution)

VM Mutex/Monitor currently owned by a thread:  ([mutex/lock_event])
[0x0000000002e0cdb0] CodeCache_lock - owner thread: 0x000000001c3d5800

Heap:
 PSYoungGen      total 418816K, used 135516K [0x00000000d6000000, 0x00000000f0b00000, 0x0000000100000000)
  eden space 400896K, 33% used [0x00000000d6000000,0x00000000de457338,0x00000000ee780000)
  from space 17920K, 0% used [0x00000000ef880000,0x00000000ef880000,0x00000000f0a00000)
  to   space 17408K, 0% used [0x00000000ee780000,0x00000000ee780000,0x00000000ef880000)
 ParOldGen       total 119296K, used 38426K [0x0000000082000000, 0x0000000089480000, 0x00000000d6000000)
  object space 119296K, 32% used [0x0000000082000000,0x0000000084586860,0x0000000089480000)
 Metaspace       used 62390K, capacity 63444K, committed 63704K, reserved 1105920K
  class space    used 7685K, capacity 7897K, committed 7936K, reserved 1048576K

Card table byte_map: [0x00000000141d0000,0x00000000145d0000] byte_map_base: 0x0000000013dc0000

Marking Bits: (ParMarkBitMap*) 0x0000000055e208c0
 Begin Bits: [0x0000000015070000, 0x0000000016ff0000)
 End Bits:   [0x0000000016ff0000, 0x0000000018f70000)

Polling page: 0x0000000002dd0000

CodeCache: size=245760Kb used=25020Kb max_used=25265Kb free=220740Kb
 bounds [0x0000000004e10000, 0x00000000066f0000, 0x0000000013e10000]
 total_blobs=7655 nmethods=7072 adapters=492
 compilation: enabled

Compilation events (10 events):
Event: 97.648 Thread 0x000000001c3de000 8326       3       org.springframework.core.convert.support.GenericConversionService$Converters::addToClassHierarchy (34 bytes)
Event: 97.648 Thread 0x000000001c3de000 nmethod 8326 0x00000000055d4c90 code [0x00000000055d4e20, 0x00000000055d52e8]
Event: 97.649 Thread 0x000000001c3d5800 nmethod 8322 0x000000000535d5d0 code [0x000000000535d720, 0x000000000535d8f8]
Event: 97.649 Thread 0x000000001c3d5800 8321       4       java.lang.StringBuilder::append (6 bytes)
Event: 97.655 Thread 0x000000001c3d5800 nmethod 8321 0x0000000005380dd0 code [0x0000000005380f40, 0x0000000005381428]
Event: 97.655 Thread 0x000000001c3d5800 8323       4       java.lang.AbstractStringBuilder::append (54 bytes)
Event: 97.662 Thread 0x000000001c3d5800 nmethod 8323 0x0000000005382890 code [0x0000000005382a20, 0x0000000005382f68]
Event: 97.662 Thread 0x000000001c3d5800 8325       4       org.springframework.core.convert.converter.GenericConverter$ConvertiblePair::hashCode (19 bytes)
Event: 97.663 Thread 0x000000001c3d5800 nmethod 8325 0x000000000537f250 code [0x000000000537f3a0, 0x000000000537f4b8]
Event: 97.695 Thread 0x000000001c3bb000 nmethod 8313 0x00000000058b04d0 code [0x00000000058b0880, 0x00000000058b3508]

GC Heap History (10 events):
Event: 4.216 GC heap before
{Heap before GC invocations=11 (full 2):
 PSYoungGen      total 239104K, used 10739K [0x00000000d6000000, 0x00000000eb500000, 0x0000000100000000)
  eden space 228352K, 0% used [0x00000000d6000000,0x00000000d6000000,0x00000000e3f00000)
  from space 10752K, 99% used [0x00000000e3f00000,0x00000000e497ce30,0x00000000e4980000)
  to   space 13824K, 0% used [0x00000000ea780000,0x00000000ea780000,0x00000000eb500000)
 ParOldGen       total 49664K, used 12079K [0x0000000082000000, 0x0000000085080000, 0x00000000d6000000)
  object space 49664K, 24% used [0x0000000082000000,0x0000000082bcbc50,0x0000000085080000)
 Metaspace       used 34826K, capacity 35264K, committed 35456K, reserved 1081344K
  class space    used 4303K, capacity 4439K, committed 4480K, reserved 1048576K
Event: 4.275 GC heap after
Heap after GC invocations=11 (full 2):
 PSYoungGen      total 239104K, used 0K [0x00000000d6000000, 0x00000000eb500000, 0x0000000100000000)
  eden space 228352K, 0% used [0x00000000d6000000,0x00000000d6000000,0x00000000e3f00000)
  from space 10752K, 0% used [0x00000000e3f00000,0x00000000e3f00000,0x00000000e4980000)
  to   space 13824K, 0% used [0x00000000ea780000,0x00000000ea780000,0x00000000eb500000)
 ParOldGen       total 80384K, used 20544K [0x0000000082000000, 0x0000000086e80000, 0x00000000d6000000)
  object space 80384K, 25% used [0x0000000082000000,0x0000000083410040,0x0000000086e80000)
 Metaspace       used 34826K, capacity 35264K, committed 35456K, reserved 1081344K
  class space    used 4303K, capacity 4439K, committed 4480K, reserved 1048576K
}
Event: 6.399 GC heap before
{Heap before GC invocations=12 (full 2):
 PSYoungGen      total 239104K, used 228352K [0x00000000d6000000, 0x00000000eb500000, 0x0000000100000000)
  eden space 228352K, 100% used [0x00000000d6000000,0x00000000e3f00000,0x00000000e3f00000)
  from space 10752K, 0% used [0x00000000e3f00000,0x00000000e3f00000,0x00000000e4980000)
  to   space 13824K, 0% used [0x00000000ea780000,0x00000000ea780000,0x00000000eb500000)
 ParOldGen       total 80384K, used 20544K [0x0000000082000000, 0x0000000086e80000, 0x00000000d6000000)
  object space 80384K, 25% used [0x0000000082000000,0x0000000083410040,0x0000000086e80000)
 Metaspace       used 47956K, capacity 48484K, committed 48896K, reserved 1091584K
  class space    used 5997K, capacity 6109K, committed 6144K, reserved 1048576K
Event: 6.412 GC heap after
Heap after GC invocations=12 (full 2):
 PSYoungGen      total 318464K, used 13820K [0x00000000d6000000, 0x00000000eb500000, 0x0000000100000000)
  eden space 304640K, 0% used [0x00000000d6000000,0x00000000d6000000,0x00000000e8980000)
  from space 13824K, 99% used [0x00000000ea780000,0x00000000eb4ff130,0x00000000eb500000)
  to   space 16896K, 0% used [0x00000000e9400000,0x00000000e9400000,0x00000000ea480000)
 ParOldGen       total 80384K, used 23776K [0x0000000082000000, 0x0000000086e80000, 0x00000000d6000000)
  object space 80384K, 29% used [0x0000000082000000,0x0000000083738070,0x0000000086e80000)
 Metaspace       used 47956K, capacity 48484K, committed 48896K, reserved 1091584K
  class space    used 5997K, capacity 6109K, committed 6144K, reserved 1048576K
}
Event: 8.033 GC heap before
{Heap before GC invocations=13 (full 2):
 PSYoungGen      total 318464K, used 318460K [0x00000000d6000000, 0x00000000eb500000, 0x0000000100000000)
  eden space 304640K, 100% used [0x00000000d6000000,0x00000000e8980000,0x00000000e8980000)
  from space 13824K, 99% used [0x00000000ea780000,0x00000000eb4ff130,0x00000000eb500000)
  to   space 16896K, 0% used [0x00000000e9400000,0x00000000e9400000,0x00000000ea480000)
 ParOldGen       total 80384K, used 23776K [0x0000000082000000, 0x0000000086e80000, 0x00000000d6000000)
  object space 80384K, 29% used [0x0000000082000000,0x0000000083738070,0x0000000086e80000)
 Metaspace       used 53623K, capacity 54306K, committed 54528K, reserved 1097728K
  class space    used 6704K, capacity 6850K, committed 6912K, reserved 1048576K
Event: 8.055 GC heap after
Heap after GC invocations=13 (full 2):
 PSYoungGen      total 332288K, used 13942K [0x00000000d6000000, 0x00000000f0a00000, 0x0000000100000000)
  eden space 315392K, 0% used [0x00000000d6000000,0x00000000d6000000,0x00000000e9400000)
  from space 16896K, 82% used [0x00000000e9400000,0x00000000ea19d958,0x00000000ea480000)
  to   space 17920K, 0% used [0x00000000ef880000,0x00000000ef880000,0x00000000f0a00000)
 ParOldGen       total 80384K, used 31289K [0x0000000082000000, 0x0000000086e80000, 0x00000000d6000000)
  object space 80384K, 38% used [0x0000000082000000,0x0000000083e8e538,0x0000000086e80000)
 Metaspace       used 53623K, capacity 54306K, committed 54528K, reserved 1097728K
  class space    used 6704K, capacity 6850K, committed 6912K, reserved 1048576K
}
Event: 16.479 GC heap before
{Heap before GC invocations=14 (full 2):
 PSYoungGen      total 332288K, used 159005K [0x00000000d6000000, 0x00000000f0a00000, 0x0000000100000000)
  eden space 315392K, 45% used [0x00000000d6000000,0x00000000deda9e30,0x00000000e9400000)
  from space 16896K, 82% used [0x00000000e9400000,0x00000000ea19d958,0x00000000ea480000)
  to   space 17920K, 0% used [0x00000000ef880000,0x00000000ef880000,0x00000000f0a00000)
 ParOldGen       total 80384K, used 31289K [0x0000000082000000, 0x0000000086e80000, 0x00000000d6000000)
  object space 80384K, 38% used [0x0000000082000000,0x0000000083e8e538,0x0000000086e80000)
 Metaspace       used 58154K, capacity 58972K, committed 59096K, reserved 1101824K
  class space    used 7248K, capacity 7405K, committed 7424K, reserved 1048576K
Event: 16.498 GC heap after
Heap after GC invocations=14 (full 2):
 PSYoungGen      total 418816K, used 7108K [0x00000000d6000000, 0x00000000f0b00000, 0x0000000100000000)
  eden space 400896K, 0% used [0x00000000d6000000,0x00000000d6000000,0x00000000ee780000)
  from space 17920K, 39% used [0x00000000ef880000,0x00000000eff712b8,0x00000000f0a00000)
  to   space 17408K, 0% used [0x00000000ee780000,0x00000000ee780000,0x00000000ef880000)
 ParOldGen       total 80384K, used 40101K [0x0000000082000000, 0x0000000086e80000, 0x00000000d6000000)
  object space 80384K, 49% used [0x0000000082000000,0x00000000847295f8,0x0000000086e80000)
 Metaspace       used 58154K, capacity 58972K, committed 59096K, reserved 1101824K
  class space    used 7248K, capacity 7405K, committed 7424K, reserved 1048576K
}
Event: 16.498 GC heap before
{Heap before GC invocations=15 (full 3):
 PSYoungGen      total 418816K, used 7108K [0x00000000d6000000, 0x00000000f0b00000, 0x0000000100000000)
  eden space 400896K, 0% used [0x00000000d6000000,0x00000000d6000000,0x00000000ee780000)
  from space 17920K, 39% used [0x00000000ef880000,0x00000000eff712b8,0x00000000f0a00000)
  to   space 17408K, 0% used [0x00000000ee780000,0x00000000ee780000,0x00000000ef880000)
 ParOldGen       total 80384K, used 40101K [0x0000000082000000, 0x0000000086e80000, 0x00000000d6000000)
  object space 80384K, 49% used [0x0000000082000000,0x00000000847295f8,0x0000000086e80000)
 Metaspace       used 58154K, capacity 58972K, committed 59096K, reserved 1101824K
  class space    used 7248K, capacity 7405K, committed 7424K, reserved 1048576K
Event: 16.644 GC heap after
Heap after GC invocations=15 (full 3):
 PSYoungGen      total 418816K, used 0K [0x00000000d6000000, 0x00000000f0b00000, 0x0000000100000000)
  eden space 400896K, 0% used [0x00000000d6000000,0x00000000d6000000,0x00000000ee780000)
  from space 17920K, 0% used [0x00000000ef880000,0x00000000ef880000,0x00000000f0a00000)
  to   space 17408K, 0% used [0x00000000ee780000,0x00000000ee780000,0x00000000ef880000)
 ParOldGen       total 119296K, used 38426K [0x0000000082000000, 0x0000000089480000, 0x00000000d6000000)
  object space 119296K, 32% used [0x0000000082000000,0x0000000084586860,0x0000000089480000)
 Metaspace       used 58043K, capacity 58756K, committed 59096K, reserved 1101824K
  class space    used 7228K, capacity 7369K, committed 7424K, reserved 1048576K
}

Deoptimization events (10 events):
Event: 73.162 Thread 0x0000000021302800 Uncommon trap: reason=class_check action=maybe_recompile pc=0x000000000656bcb8 method=java.util.regex.Pattern$7.isSatisfiedBy(I)Z @ 16
Event: 73.162 Thread 0x0000000021302800 Uncommon trap: reason=class_check action=maybe_recompile pc=0x000000000656bcb8 method=java.util.regex.Pattern$7.isSatisfiedBy(I)Z @ 16
Event: 73.164 Thread 0x0000000021302800 Uncommon trap: reason=null_check action=make_not_entrant pc=0x0000000006514bf4 method=org.springframework.core.annotation.AnnotationUtils.isSynthesizable(Ljava/lang/Class;)Z @ 84
Event: 73.270 Thread 0x0000000021302800 Uncommon trap: reason=unstable_if action=reinterpret pc=0x000000000651f218 method=com.mysql.jdbc.PreparedStatement$ParseInfo.<init>(Ljava/lang/String;Lcom/mysql/jdbc/MySQLConnection;Ljava/sql/DatabaseMetaData;Ljava/lang/String;Lcom/mysql/jdbc/SingleByteCh
Event: 73.273 Thread 0x0000000021302800 Uncommon trap: reason=unstable_if action=reinterpret pc=0x00000000064f5af8 method=java.nio.charset.CharsetEncoder.encode(Ljava/nio/CharBuffer;)Ljava/nio/ByteBuffer; @ 62
Event: 73.481 Thread 0x0000000021300800 Uncommon trap: reason=bimorphic action=maybe_recompile pc=0x00000000065abcfc method=java.util.Collections$UnmodifiableCollection.contains(Ljava/lang/Object;)Z @ 5
Event: 73.496 Thread 0x0000000021300800 Uncommon trap: reason=bimorphic action=maybe_recompile pc=0x00000000065abcfc method=java.util.Collections$UnmodifiableCollection.contains(Ljava/lang/Object;)Z @ 5
Event: 73.498 Thread 0x0000000021300800 Uncommon trap: reason=bimorphic action=maybe_recompile pc=0x00000000065abcfc method=java.util.Collections$UnmodifiableCollection.contains(Ljava/lang/Object;)Z @ 5
Event: 73.499 Thread 0x0000000021300800 Uncommon trap: reason=bimorphic action=maybe_recompile pc=0x00000000065abcfc method=java.util.Collections$UnmodifiableCollection.contains(Ljava/lang/Object;)Z @ 5
Event: 87.663 Thread 0x00000000212ff000 Uncommon trap: reason=unstable_if action=reinterpret pc=0x000000000604c4b0 method=com.fasterxml.jackson.core.json.UTF8JsonGenerator.writeFieldName(Lcom/fasterxml/jackson/core/SerializableString;)V @ 174

Classes redefined (0 events):
No events

Internal exceptions (10 events):
Event: 16.163 Thread 0x0000000021305800 Exception <a 'java/lang/ClassNotFoundException': org/springframework/web/servlet/FlashMapManagerCustomizer> (0x00000000dd849a38) thrown at [C:\re\workspace\8-2-build-windows-amd64-cygwin\jdk8u171\10807\hotspot\src\share\vm\classfile\systemDictionary.cpp, 
Event: 16.685 Thread 0x0000000020a18000 Implicit null exception at 0x0000000005f0004b to 0x0000000005f00526
Event: 73.216 Thread 0x0000000021302800 Exception <a 'java/lang/ClassNotFoundException': com/school/store/admin/store/entity/StoreOperationBeanInfo> (0x00000000dcdddbd8) thrown at [C:\re\workspace\8-2-build-windows-amd64-cygwin\jdk8u171\10807\hotspot\src\share\vm\classfile\systemDictionary.cpp,
Event: 73.217 Thread 0x0000000021302800 Exception <a 'java/lang/ClassNotFoundException': com/school/store/base/model/BaseEntityBeanInfo> (0x00000000dcdf8000) thrown at [C:\re\workspace\8-2-build-windows-amd64-cygwin\jdk8u171\10807\hotspot\src\share\vm\classfile\systemDictionary.cpp, line 210]
Event: 73.217 Thread 0x0000000021302800 Exception <a 'java/lang/ClassNotFoundException': com/school/store/base/model/BaseEntityCustomizer> (0x00000000dce13090) thrown at [C:\re\workspace\8-2-build-windows-amd64-cygwin\jdk8u171\10807\hotspot\src\share\vm\classfile\systemDictionary.cpp, line 210]
Event: 73.218 Thread 0x0000000021302800 Exception <a 'java/lang/ClassNotFoundException': com/school/store/admin/store/entity/StoreOperationCustomizer> (0x00000000dce44b18) thrown at [C:\re\workspace\8-2-build-windows-amd64-cygwin\jdk8u171\10807\hotspot\src\share\vm\classfile\systemDictionary.cp
Event: 73.219 Thread 0x0000000021302800 Exception <a 'java/lang/ClassNotFoundException': java/io/SerializableCustomizer> (0x00000000dce81858) thrown at [C:\re\workspace\8-2-build-windows-amd64-cygwin\jdk8u171\10807\hotspot\src\share\vm\classfile\systemDictionary.cpp, line 210]
Event: 73.253 Thread 0x0000000021302800 Exception <a 'java/lang/ClassNotFoundException': com/school/store/admin/store/entity/StoreOperationItemBeanInfo> (0x00000000dd20d588) thrown at [C:\re\workspace\8-2-build-windows-amd64-cygwin\jdk8u171\10807\hotspot\src\share\vm\classfile\systemDictionary.
Event: 73.254 Thread 0x0000000021302800 Exception <a 'java/lang/ClassNotFoundException': com/school/store/admin/store/entity/StoreOperationItemCustomizer> (0x00000000dd22d788) thrown at [C:\re\workspace\8-2-build-windows-amd64-cygwin\jdk8u171\10807\hotspot\src\share\vm\classfile\systemDictionar
Event: 73.256 Thread 0x0000000021302800 Exception <a 'java/lang/ClassNotFoundException': java/io/SerializableCustomizer> (0x00000000dd2568f8) thrown at [C:\re\workspace\8-2-build-windows-amd64-cygwin\jdk8u171\10807\hotspot\src\share\vm\classfile\systemDictionary.cpp, line 210]

Events (10 events):
Event: 97.642 loading class org/hibernate/event/internal/MergeContext
Event: 97.642 loading class org/hibernate/event/internal/MergeContext done
Event: 97.643 loading class org/hibernate/event/internal/DefaultMergeEventListener$2
Event: 97.643 loading class org/hibernate/event/internal/DefaultMergeEventListener$2 done
Event: 97.646 Executing VM operation: RevokeBias
Event: 97.646 Executing VM operation: RevokeBias done
Event: 97.648 loading class org/hibernate/event/spi/PreUpdateEvent
Event: 97.648 loading class org/hibernate/event/spi/PreUpdateEvent done
Event: 97.652 loading class org/hibernate/event/spi/PostUpdateEvent
Event: 97.652 loading class org/hibernate/event/spi/PostUpdateEvent done


Dynamic libraries:
0x00007ff664a10000 - 0x00007ff664a47000 	D:\engineer\Java\jdk1.8\bin\java.exe
0x00007ffd6a050000 - 0x00007ffd6a230000 	C:\WINDOWS\SYSTEM32\ntdll.dll
0x00007ffd69dd0000 - 0x00007ffd69e7e000 	C:\WINDOWS\System32\KERNEL32.DLL
0x00007ffd660b0000 - 0x00007ffd66316000 	C:\WINDOWS\System32\KERNELBASE.dll
0x00007ffd67020000 - 0x00007ffd670c1000 	C:\WINDOWS\System32\ADVAPI32.dll
0x00007ffd68f90000 - 0x00007ffd6902d000 	C:\WINDOWS\System32\msvcrt.dll
0x00007ffd69eb0000 - 0x00007ffd69f0b000 	C:\WINDOWS\System32\sechost.dll
0x00007ffd68e40000 - 0x00007ffd68f5f000 	C:\WINDOWS\System32\RPCRT4.dll
0x00007ffd69800000 - 0x00007ffd6998f000 	C:\WINDOWS\System32\USER32.dll
0x00007ffd65c80000 - 0x00007ffd65ca0000 	C:\WINDOWS\System32\win32u.dll
0x00007ffd69e80000 - 0x00007ffd69ea8000 	C:\WINDOWS\System32\GDI32.dll
0x00007ffd65d40000 - 0x00007ffd65ed3000 	C:\WINDOWS\System32\gdi32full.dll
0x00007ffd65ca0000 - 0x00007ffd65d3b000 	C:\WINDOWS\System32\msvcp_win.dll
0x00007ffd66bd0000 - 0x00007ffd66cc6000 	C:\WINDOWS\System32\ucrtbase.dll
0x00007ffd56ec0000 - 0x00007ffd57129000 	C:\WINDOWS\WinSxS\amd64_microsoft.windows.common-controls_6595b64144ccf1df_6.0.16299.371_none_15c7d1789365a290\COMCTL32.dll
0x00007ffd68a90000 - 0x00007ffd68d98000 	C:\WINDOWS\System32\combase.dll
0x00007ffd66cd0000 - 0x00007ffd66d42000 	C:\WINDOWS\System32\bcryptPrimitives.dll
0x00007ffd66d50000 - 0x00007ffd66d7d000 	C:\WINDOWS\System32\IMM32.DLL
0x000000005a100000 - 0x000000005a1d2000 	D:\engineer\Java\jdk1.8\jre\bin\msvcr100.dll
0x0000000055600000 - 0x0000000055ea0000 	D:\engineer\Java\jdk1.8\jre\bin\server\jvm.dll
0x00007ffd670d0000 - 0x00007ffd670d8000 	C:\WINDOWS\System32\PSAPI.DLL
0x00007ffd5aaf0000 - 0x00007ffd5aaf9000 	C:\WINDOWS\SYSTEM32\WSOCK32.dll
0x00007ffd5cd20000 - 0x00007ffd5cd2a000 	C:\WINDOWS\SYSTEM32\VERSION.dll
0x00007ffd69a50000 - 0x00007ffd69abc000 	C:\WINDOWS\System32\WS2_32.dll
0x00007ffd5cd30000 - 0x00007ffd5cd53000 	C:\WINDOWS\SYSTEM32\WINMM.dll
0x00007ffd5c8f0000 - 0x00007ffd5c91a000 	C:\WINDOWS\SYSTEM32\WINMMBASE.dll
0x00007ffd66a70000 - 0x00007ffd66aba000 	C:\WINDOWS\System32\cfgmgr32.dll
0x00000000555f0000 - 0x00000000555ff000 	D:\engineer\Java\jdk1.8\jre\bin\verify.dll
0x00000000555c0000 - 0x00000000555e9000 	D:\engineer\Java\jdk1.8\jre\bin\java.dll
0x0000000055570000 - 0x0000000055593000 	D:\engineer\Java\jdk1.8\jre\bin\instrument.dll
0x00000000555a0000 - 0x00000000555b6000 	D:\engineer\Java\jdk1.8\jre\bin\zip.dll
0x00007ffd67310000 - 0x00007ffd68746000 	C:\WINDOWS\System32\SHELL32.dll
0x00007ffd66ef0000 - 0x00007ffd66f96000 	C:\WINDOWS\System32\shcore.dll
0x00007ffd66320000 - 0x00007ffd66a67000 	C:\WINDOWS\System32\windows.storage.dll
0x00007ffd699f0000 - 0x00007ffd69a41000 	C:\WINDOWS\System32\shlwapi.dll
0x00007ffd65c20000 - 0x00007ffd65c31000 	C:\WINDOWS\System32\kernel.appcore.dll
0x00007ffd65bd0000 - 0x00007ffd65c1c000 	C:\WINDOWS\System32\powrprof.dll
0x00007ffd65c60000 - 0x00007ffd65c7b000 	C:\WINDOWS\System32\profapi.dll
0x00007ffd59150000 - 0x00007ffd5916a000 	D:\engineer\IDEA\IntelliJ IDEA 2018.1.2\bin\breakgen64.dll
0x0000000055550000 - 0x000000005556a000 	D:\engineer\Java\jdk1.8\jre\bin\net.dll
0x00007ffd65460000 - 0x00007ffd654c6000 	C:\WINDOWS\system32\mswsock.dll
0x0000000054cd0000 - 0x0000000054cdd000 	D:\engineer\Java\jdk1.8\jre\bin\management.dll
0x00007ffd56450000 - 0x00007ffd56466000 	C:\WINDOWS\system32\napinsp.dll
0x00007ffd56430000 - 0x00007ffd5644a000 	C:\WINDOWS\system32\pnrpnsp.dll
0x00007ffd61560000 - 0x00007ffd61578000 	C:\WINDOWS\system32\NLAapi.dll
0x00007ffd65230000 - 0x00007ffd652e6000 	C:\WINDOWS\SYSTEM32\DNSAPI.dll
0x00007ffd69030000 - 0x00007ffd69038000 	C:\WINDOWS\System32\NSI.dll
0x00007ffd651f0000 - 0x00007ffd65229000 	C:\WINDOWS\SYSTEM32\IPHLPAPI.DLL
0x00007ffd56420000 - 0x00007ffd5642e000 	C:\WINDOWS\System32\winrnr.dll
0x0000000054c40000 - 0x0000000054c66000 	C:\Program Files\Bonjour\mdnsNSP.dll
0x00007ffd613e0000 - 0x00007ffd613ea000 	C:\Windows\System32\rasadhlp.dll
0x00007ffd61240000 - 0x00007ffd612b0000 	C:\WINDOWS\System32\fwpuclnt.dll
0x00007ffd65730000 - 0x00007ffd65755000 	C:\WINDOWS\SYSTEM32\bcrypt.dll
0x0000000054ce0000 - 0x0000000054cf1000 	D:\engineer\Java\jdk1.8\jre\bin\nio.dll
0x00007ffd65620000 - 0x00007ffd65637000 	C:\WINDOWS\SYSTEM32\CRYPTSP.dll
0x00007ffd65000000 - 0x00007ffd65033000 	C:\WINDOWS\system32\rsaenh.dll
0x00007ffd65b00000 - 0x00007ffd65b29000 	C:\WINDOWS\SYSTEM32\USERENV.dll
0x00007ffd65640000 - 0x00007ffd6564b000 	C:\WINDOWS\SYSTEM32\CRYPTBASE.dll
0x00007ffd61bc0000 - 0x00007ffd61bd6000 	C:\WINDOWS\SYSTEM32\dhcpcsvc6.DLL
0x00007ffd61a60000 - 0x00007ffd61a7a000 	C:\WINDOWS\SYSTEM32\dhcpcsvc.DLL

VM Arguments:
jvm_args: -javaagent:D:\engineer\IDEA\IntelliJ IDEA 2018.1.2\lib\idea_rt.jar=53346:D:\engineer\IDEA\IntelliJ IDEA 2018.1.2\bin -Dfile.encoding=UTF-8 
java_command: com.school.store.StoreApplication
java_class_path (initial): D:\engineer\Java\jdk1.8\jre\lib\charsets.jar;D:\engineer\Java\jdk1.8\jre\lib\deploy.jar;D:\engineer\Java\jdk1.8\jre\lib\ext\access-bridge-64.jar;D:\engineer\Java\jdk1.8\jre\lib\ext\cldrdata.jar;D:\engineer\Java\jdk1.8\jre\lib\ext\dnsns.jar;D:\engineer\Java\jdk1.8\jre\lib\ext\jaccess.jar;D:\engineer\Java\jdk1.8\jre\lib\ext\jfxrt.jar;D:\engineer\Java\jdk1.8\jre\lib\ext\localedata.jar;D:\engineer\Java\jdk1.8\jre\lib\ext\nashorn.jar;D:\engineer\Java\jdk1.8\jre\lib\ext\sunec.jar;D:\engineer\Java\jdk1.8\jre\lib\ext\sunjce_provider.jar;D:\engineer\Java\jdk1.8\jre\lib\ext\sunmscapi.jar;D:\engineer\Java\jdk1.8\jre\lib\ext\sunpkcs11.jar;D:\engineer\Java\jdk1.8\jre\lib\ext\zipfs.jar;D:\engineer\Java\jdk1.8\jre\lib\javaws.jar;D:\engineer\Java\jdk1.8\jre\lib\jce.jar;D:\engineer\Java\jdk1.8\jre\lib\jfr.jar;D:\engineer\Java\jdk1.8\jre\lib\jfxswt.jar;D:\engineer\Java\jdk1.8\jre\lib\jsse.jar;D:\engineer\Java\jdk1.8\jre\lib\management-agent.jar;D:\engineer\Java\jdk1.8\jre\lib\plugin.jar;D:\engineer\Java\jdk1.8\jre\lib\resources.jar;D:\engineer\Java\jdk1.8\jre\lib\rt.jar;E:\nodeProject\schoolStore\target\classes;C:\Users\Administrator\.m2\repository\org\springframework\boot\spring-boot-starter-web\1.5.9.RELEASE\spring-boot-starter-web-1.5.9.RELEASE.jar;C:\Users\Administrator\.m2\repository\org\springframework\boot\spring-boot-starter\1.5.9.RELEASE\spring-boot-starter-1.5.9.RELEASE.jar;C:\Users\Administrator\.m2\repository\org\springframework\boot\spring-boot-starter-logging\1.5.9.RELEASE\spring-boot-starter-logging-1.5.9.RELEASE.jar;C:\Users\Administrator\.m2\repository\ch\qos\logback\logback-classic\1.1.11\logback-classic-1.1.11.jar;C:\Users\Administrator\.m2\repository\ch\qos\logback\logback-core\1.1.11\logback-core-1.1.11.jar;C:\Users\Administrator\.m2\repository\org\slf4j\jul-to-slf4j\1.7.25\jul-to-slf4j-1.7.25.jar;C:\Users\Administrator\.m2\repository\org\slf4j\log4j-over-slf4j\1.7.25\log4j-over-slf4j-1.7.25.jar;C:\Users\Administrator\.m2\repository\o
Launcher Type: SUN_STANDARD

Environment Variables:
JAVA_HOME=D:\engineer\Java\jdk1.8
CLASSPATH=.;D:\engineer\Java\jdk1.8\lib\dt.jar;D:\engineer\Java\jdk1.8\lib\tools.jar; 
PATH=C:\Program Files (x86)\Common Files\Oracle\Java\javapath;C:\Program Files (x86)\Intel\iCLS Client\;C:\Program Files\Intel\iCLS Client\;C:\WINDOWS\system32;C:\WINDOWS;C:\WINDOWS\System32\Wbem;C:\WINDOWS\System32\WindowsPowerShell\v1.0\;C:\Program Files (x86)\Intel\Intel(R) Management Engine Components\DAL;C:\Program Files\Intel\Intel(R) Management Engine Components\DAL;C:\Program Files (x86)\Intel\Intel(R) Management Engine Components\IPT;C:\Program Files\Intel\Intel(R) Management Engine Components\IPT;C:\Program Files\dotnet\;D:\engineer\Cmake\bin;D:\engineer\Opencv\opencv\build\x64\vc14\bin;D:\engineer\nodejs\;D:\engineer\Anaconda3\;D:\engineer\Anaconda3\Scripts\;"D:\engineer\Java\jdk1.8\bin;D:\engineer\Java\jdk1.8\jre\bin;";D:\engineer\redis\;D:\engineer\mysql\mysql-8.0.11-winx64\bin;C:\Users\Administrator\AppData\Local\Microsoft\WindowsApps;C:\Users\Administrator\AppData\Roaming\npm;C:\Program Files\Microsoft VS Code\bin
USERNAME=Administrator
OS=Windows_NT
PROCESSOR_IDENTIFIER=Intel64 Family 6 Model 94 Stepping 3, GenuineIntel



---------------  S Y S T E M  ---------------

OS: Windows 10.0 , 64 bit Build 16299 (10.0.16299.15)

CPU:total 8 (initial active 8) (4 cores per cpu, 2 threads per core) family 6 model 94 stepping 3, cmov, cx8, fxsr, mmx, sse, sse2, sse3, ssse3, sse4.1, sse4.2, popcnt, avx, avx2, aes, clmul, erms, rtm, 3dnowpref, lzcnt, ht, tsc, tscinvbit, bmi1, bmi2, adx

Memory: 4k page, physical 8249364k(1503600k free), swap 10346516k(2568k free)

vm_info: Java HotSpot(TM) 64-Bit Server VM (25.171-b11) for windows-amd64 JRE (1.8.0_171-b11), built on Mar 28 2018 16:06:12 by "java_re" with MS VC++ 10.0 (VS2010)

time: Thu May 03 22:11:06 2018
elapsed time: 97 seconds (0d 0h 1m 37s)

